#
# There is insufficient memory for the Java Runtime Environment to continue.
# Native memory allocation (malloc) failed to allocate 651696 bytes for Chunk::new
# Possible reasons:
#   The system is out of physical RAM or swap space
#   The process is running with CompressedOops enabled, and the Java Heap may be blocking the growth of the native heap
# Possible solutions:
#   Reduce memory load on the system
#   Increase physical memory or swap space
#   Check if swap backing store is full
#   Decrease Java heap size (-Xmx/-Xms)
#   Decrease number of Java threads
#   Decrease Java thread stack sizes (-Xss)
#   Set larger code cache with -XX:ReservedCodeCacheSize=
#   JVM is running with Unscaled Compressed Oops mode in which the Java heap is
#     placed in the first 4GB address space. The Java Heap base address is the
#     maximum limit for the native heap growth. Please use -XX:HeapBaseMinAddress
#     to set the Java Heap base and to place the Java Heap above 4GB virtual address.
# This output file may be truncated or incomplete.
#
#  Out of Memory Error (arena.cpp:191), pid=588, tid=13644
#
# JRE version: OpenJDK Runtime Environment (17.0.10) (build 17.0.10+0--11572160)
# Java VM: OpenJDK 64-Bit Server VM (17.0.10+0--11572160, mixed mode, tiered, compressed oops, compressed class ptrs, g1 gc, windows-amd64)
# No core dump will be written. Minidumps are not enabled by default on client versions of Windows
#

---------------  S U M M A R Y ------------

Command Line: org.jetbrains.kotlin.cli.jvm.K2JVMCompiler @D:\capstone\Pulih-Apps-MD\app\build\20240603_743122233290470944.compiler.options

Host: Intel(R) Core(TM) i3-5005U CPU @ 2.00GHz, 4 cores, 7G,  Windows 10 , 64 bit Build 19041 (10.0.19041.3636)
Time: Mon Jun  3 19:47:41 2024 Malay Peninsula Standard Time elapsed time: 10.644813 seconds (0d 0h 0m 10s)

---------------  T H R E A D  ---------------

Current thread (0x000001ebc703d4a0):  JavaThread "C2 CompilerThread0" daemon [_thread_in_native, id=13644, stack(0x0000008341000000,0x0000008341100000)]


Current CompileTask:
C2:  10644 4198       4       org.jetbrains.kotlin.parsing.AbstractKotlinParsing::at (114 bytes)

Stack: [0x0000008341000000,0x0000008341100000]
Native frames: (J=compiled Java code, j=interpreted, Vv=VM code, C=native code)
V  [jvm.dll+0x688e89]
V  [jvm.dll+0x84247a]
V  [jvm.dll+0x8440be]
V  [jvm.dll+0x844723]
V  [jvm.dll+0x24be0f]
V  [jvm.dll+0xac524]
V  [jvm.dll+0xacb6c]
V  [jvm.dll+0x571bd3]
V  [jvm.dll+0x336189]
V  [jvm.dll+0x3355fa]
V  [jvm.dll+0x21daa1]
V  [jvm.dll+0x21cec1]
V  [jvm.dll+0x1a60ad]
V  [jvm.dll+0x22cd78]
V  [jvm.dll+0x22aeb0]
V  [jvm.dll+0x7f6917]
V  [jvm.dll+0x7f0d1a]
V  [jvm.dll+0x687d05]
C  [ucrtbase.dll+0x21bb2]
C  [KERNEL32.DLL+0x17344]
C  [ntdll.dll+0x526b1]


---------------  P R O C E S S  ---------------

Threads class SMR info:
_java_thread_list=0x000001ebc7ac9890, length=13, elements={
0x000001eba78fcfa0, 0x000001ebc2e89260, 0x000001ebc2e50f90, 0x000001ebc7037860,
0x000001ebc7038420, 0x000001ebc702e120, 0x000001ebc702f280, 0x000001ebc703d4a0,
0x000001ebc703e550, 0x000001ebc7041df0, 0x000001ebc71abb00, 0x000001ebc71b0cc0,
0x000001ebc79fa6d0
}

Java Threads: ( => current thread )
  0x000001eba78fcfa0 JavaThread "main" [_thread_in_native, id=13808, stack(0x0000008340300000,0x0000008340400000)]
  0x000001ebc2e89260 JavaThread "Reference Handler" daemon [_thread_blocked, id=11276, stack(0x0000008340a00000,0x0000008340b00000)]
  0x000001ebc2e50f90 JavaThread "Finalizer" daemon [_thread_blocked, id=6452, stack(0x0000008340b00000,0x0000008340c00000)]
  0x000001ebc7037860 JavaThread "Signal Dispatcher" daemon [_thread_blocked, id=13740, stack(0x0000008340c00000,0x0000008340d00000)]
  0x000001ebc7038420 JavaThread "Attach Listener" daemon [_thread_blocked, id=7108, stack(0x0000008340d00000,0x0000008340e00000)]
  0x000001ebc702e120 JavaThread "Service Thread" daemon [_thread_blocked, id=11040, stack(0x0000008340e00000,0x0000008340f00000)]
  0x000001ebc702f280 JavaThread "Monitor Deflation Thread" daemon [_thread_blocked, id=5132, stack(0x0000008340f00000,0x0000008341000000)]
=>0x000001ebc703d4a0 JavaThread "C2 CompilerThread0" daemon [_thread_in_native, id=13644, stack(0x0000008341000000,0x0000008341100000)]
  0x000001ebc703e550 JavaThread "C1 CompilerThread0" daemon [_thread_blocked, id=11000, stack(0x0000008341100000,0x0000008341200000)]
  0x000001ebc7041df0 JavaThread "Sweeper thread" daemon [_thread_blocked, id=11180, stack(0x0000008341200000,0x0000008341300000)]
  0x000001ebc71abb00 JavaThread "Notification Thread" daemon [_thread_blocked, id=14240, stack(0x0000008341300000,0x0000008341400000)]
  0x000001ebc71b0cc0 JavaThread "Common-Cleaner" daemon [_thread_blocked, id=11772, stack(0x0000008341500000,0x0000008341600000)]
  0x000001ebc79fa6d0 JavaThread "C2 CompilerThread1" daemon [_thread_in_native, id=8076, stack(0x0000008341600000,0x0000008341700000)]

Other Threads:
  0x000001ebc2e04d10 VMThread "VM Thread" [stack: 0x0000008340900000,0x0000008340a00000] [id=6828]
  0x000001ebc71ac1f0 WatcherThread [stack: 0x0000008341400000,0x0000008341500000] [id=7304]
  0x000001eba997a550 GCTaskThread "GC Thread#0" [stack: 0x0000008340400000,0x0000008340500000] [id=6024]
  0x000001ebc76ea110 GCTaskThread "GC Thread#1" [stack: 0x0000008341700000,0x0000008341800000] [id=8416]
  0x000001ebc770e040 GCTaskThread "GC Thread#2" [stack: 0x0000008341800000,0x0000008341900000] [id=1192]
  0x000001ebc770e300 GCTaskThread "GC Thread#3" [stack: 0x0000008341900000,0x0000008341a00000] [id=12256]
  0x000001eba998b1a0 ConcurrentGCThread "G1 Main Marker" [stack: 0x0000008340500000,0x0000008340600000] [id=3828]
  0x000001eba998c360 ConcurrentGCThread "G1 Conc#0" [stack: 0x0000008340600000,0x0000008340700000] [id=10788]
  0x000001eba99d17f0 ConcurrentGCThread "G1 Refine#0" [stack: 0x0000008340700000,0x0000008340800000] [id=14308]
  0x000001ebc812eca0 ConcurrentGCThread "G1 Refine#1" [stack: 0x0000008341a00000,0x0000008341b00000] [id=5260]
  0x000001ebc80c8f10 ConcurrentGCThread "G1 Refine#2" [stack: 0x0000008341b00000,0x0000008341c00000] [id=13620]
  0x000001ebc2cc2320 ConcurrentGCThread "G1 Service" [stack: 0x0000008340800000,0x0000008340900000] [id=5732]

Threads with active compile tasks:
C2 CompilerThread0    10740 4198       4       org.jetbrains.kotlin.parsing.AbstractKotlinParsing::at (114 bytes)
C2 CompilerThread1    10740 4424       4       org.jetbrains.kotlin.com.intellij.lang.impl.PsiBuilderImpl::advanceLexer (31 bytes)

VM state: not at safepoint (normal execution)

VM Mutex/Monitor currently owned by a thread: None

Heap address: 0x0000000081800000, size: 2024 MB, Compressed Oops mode: 32-bit

CDS archive(s) not mapped
Compressed class space mapped at: 0x0000000100000000-0x0000000140000000, reserved size: 1073741824
Narrow klass base: 0x0000000000000000, Narrow klass shift: 3, Narrow klass range: 0x140000000

GC Precious Log:
 CPUs: 4 total, 4 available
 Memory: 8095M
 Large Page Support: Disabled
 NUMA Support: Disabled
 Compressed Oops: Enabled (32-bit)
 Heap Region Size: 1M
 Heap Min Capacity: 8M
 Heap Initial Capacity: 128M
 Heap Max Capacity: 2024M
 Pre-touch: Disabled
 Parallel Workers: 4
 Concurrent Workers: 1
 Concurrent Refinement Workers: 4
 Periodic GC: Disabled

Heap:
 garbage-first heap   total 95232K, used 36765K [0x0000000081800000, 0x0000000100000000)
  region size 1024K, 4 young (4096K), 1 survivors (1024K)
 Metaspace       used 51917K, committed 52160K, reserved 1114112K
  class space    used 6256K, committed 6336K, reserved 1048576K

Heap Regions: E=young(eden), S=young(survivor), O=old, HS=humongous(starts), HC=humongous(continues), CS=collection set, F=free, OA=open archive, CA=closed archive, TAMS=top-at-mark-start (previous, next)
|   0|0x0000000081800000, 0x0000000081900000, 0x0000000081900000|100%|HS|  |TAMS 0x0000000081900000, 0x0000000081800000| Complete 
|   1|0x0000000081900000, 0x0000000081a00000, 0x0000000081a00000|100%|HC|  |TAMS 0x0000000081a00000, 0x0000000081900000| Complete 
|   2|0x0000000081a00000, 0x0000000081b00000, 0x0000000081b00000|100%|HC|  |TAMS 0x0000000081b00000, 0x0000000081a00000| Complete 
|   3|0x0000000081b00000, 0x0000000081c00000, 0x0000000081c00000|100%|HC|  |TAMS 0x0000000081c00000, 0x0000000081b00000| Complete 
|   4|0x0000000081c00000, 0x0000000081d00000, 0x0000000081d00000|100%| O|  |TAMS 0x0000000081d00000, 0x0000000081c00000| Untracked 
|   5|0x0000000081d00000, 0x0000000081e00000, 0x0000000081e00000|100%| O|  |TAMS 0x0000000081e00000, 0x0000000081d00000| Untracked 
|   6|0x0000000081e00000, 0x0000000081f00000, 0x0000000081f00000|100%| O|  |TAMS 0x0000000081e00000, 0x0000000081e00000| Untracked 
|   7|0x0000000081f00000, 0x0000000082000000, 0x0000000082000000|100%| O|  |TAMS 0x0000000082000000, 0x0000000081f00000| Untracked 
|   8|0x0000000082000000, 0x0000000082100000, 0x0000000082100000|100%| O|  |TAMS 0x0000000082100000, 0x0000000082000000| Untracked 
|   9|0x0000000082100000, 0x0000000082100000, 0x0000000082200000|  0%| F|  |TAMS 0x0000000082100000, 0x0000000082100000| Untracked 
|  10|0x0000000082200000, 0x0000000082300000, 0x0000000082300000|100%| O|  |TAMS 0x0000000082300000, 0x0000000082200000| Untracked 
|  11|0x0000000082300000, 0x0000000082400000, 0x0000000082400000|100%| O|  |TAMS 0x0000000082400000, 0x0000000082300000| Untracked 
|  12|0x0000000082400000, 0x0000000082500000, 0x0000000082500000|100%| O|  |TAMS 0x0000000082500000, 0x0000000082400000| Untracked 
|  13|0x0000000082500000, 0x0000000082600000, 0x0000000082600000|100%| O|  |TAMS 0x0000000082600000, 0x0000000082500000| Untracked 
|  14|0x0000000082600000, 0x0000000082700000, 0x0000000082700000|100%| O|  |TAMS 0x0000000082700000, 0x0000000082600000| Untracked 
|  15|0x0000000082700000, 0x0000000082800000, 0x0000000082800000|100%| O|  |TAMS 0x0000000082800000, 0x0000000082700000| Untracked 
|  16|0x0000000082800000, 0x0000000082900000, 0x0000000082900000|100%| O|  |TAMS 0x0000000082900000, 0x0000000082800000| Untracked 
|  17|0x0000000082900000, 0x0000000082a00000, 0x0000000082a00000|100%| O|  |TAMS 0x0000000082a00000, 0x0000000082900000| Untracked 
|  18|0x0000000082a00000, 0x0000000082b00000, 0x0000000082b00000|100%| O|  |TAMS 0x0000000082b00000, 0x0000000082a00000| Untracked 
|  19|0x0000000082b00000, 0x0000000082c00000, 0x0000000082c00000|100%| O|  |TAMS 0x0000000082c00000, 0x0000000082b00000| Untracked 
|  20|0x0000000082c00000, 0x0000000082d00000, 0x0000000082d00000|100%| O|  |TAMS 0x0000000082d00000, 0x0000000082c00000| Untracked 
|  21|0x0000000082d00000, 0x0000000082e00000, 0x0000000082e00000|100%| O|  |TAMS 0x0000000082e00000, 0x0000000082d00000| Untracked 
|  22|0x0000000082e00000, 0x0000000082f00000, 0x0000000082f00000|100%| O|  |TAMS 0x0000000082ecca00, 0x0000000082e00000| Untracked 
|  23|0x0000000082f00000, 0x0000000083000000, 0x0000000083000000|100%|HS|  |TAMS 0x0000000083000000, 0x0000000082f00000| Complete 
|  24|0x0000000083000000, 0x0000000083100000, 0x0000000083100000|100%|HC|  |TAMS 0x0000000083100000, 0x0000000083000000| Complete 
|  25|0x0000000083100000, 0x0000000083200000, 0x0000000083200000|100%| O|  |TAMS 0x0000000083100000, 0x0000000083100000| Untracked 
|  26|0x0000000083200000, 0x0000000083300000, 0x0000000083300000|100%| O|  |TAMS 0x0000000083200000, 0x0000000083200000| Untracked 
|  27|0x0000000083300000, 0x0000000083400000, 0x0000000083400000|100%| O|  |TAMS 0x0000000083300000, 0x0000000083300000| Untracked 
|  28|0x0000000083400000, 0x0000000083500000, 0x0000000083500000|100%| O|  |TAMS 0x0000000083400000, 0x0000000083400000| Untracked 
|  29|0x0000000083500000, 0x0000000083600000, 0x0000000083600000|100%| O|  |TAMS 0x0000000083500000, 0x0000000083500000| Untracked 
|  30|0x0000000083600000, 0x0000000083700000, 0x0000000083700000|100%| O|  |TAMS 0x0000000083600000, 0x0000000083600000| Untracked 
|  31|0x0000000083700000, 0x0000000083800000, 0x0000000083800000|100%| O|  |TAMS 0x0000000083700000, 0x0000000083700000| Untracked 
|  32|0x0000000083800000, 0x0000000083900000, 0x0000000083900000|100%| O|  |TAMS 0x0000000083800000, 0x0000000083800000| Untracked 
|  33|0x0000000083900000, 0x0000000083a00000, 0x0000000083a00000|100%| O|  |TAMS 0x0000000083900000, 0x0000000083900000| Untracked 
|  34|0x0000000083a00000, 0x0000000083a41200, 0x0000000083b00000| 25%| O|  |TAMS 0x0000000083a00000, 0x0000000083a00000| Untracked 
|  35|0x0000000083b00000, 0x0000000083b00000, 0x0000000083c00000|  0%| F|  |TAMS 0x0000000083b00000, 0x0000000083b00000| Untracked 
|  36|0x0000000083c00000, 0x0000000083c00000, 0x0000000083d00000|  0%| F|  |TAMS 0x0000000083c00000, 0x0000000083c00000| Untracked 
|  37|0x0000000083d00000, 0x0000000083d00000, 0x0000000083e00000|  0%| F|  |TAMS 0x0000000083d00000, 0x0000000083d00000| Untracked 
|  38|0x0000000083e00000, 0x0000000083e00000, 0x0000000083f00000|  0%| F|  |TAMS 0x0000000083e00000, 0x0000000083e00000| Untracked 
|  39|0x0000000083f00000, 0x0000000083f00000, 0x0000000084000000|  0%| F|  |TAMS 0x0000000083f00000, 0x0000000083f00000| Untracked 
|  40|0x0000000084000000, 0x0000000084000000, 0x0000000084100000|  0%| F|  |TAMS 0x0000000084000000, 0x0000000084000000| Untracked 
|  41|0x0000000084100000, 0x0000000084100000, 0x0000000084200000|  0%| F|  |TAMS 0x0000000084100000, 0x0000000084100000| Untracked 
|  42|0x0000000084200000, 0x0000000084200000, 0x0000000084300000|  0%| F|  |TAMS 0x0000000084200000, 0x0000000084200000| Untracked 
|  43|0x0000000084300000, 0x0000000084300000, 0x0000000084400000|  0%| F|  |TAMS 0x0000000084300000, 0x0000000084300000| Untracked 
|  44|0x0000000084400000, 0x0000000084400000, 0x0000000084500000|  0%| F|  |TAMS 0x0000000084400000, 0x0000000084400000| Untracked 
|  45|0x0000000084500000, 0x0000000084500000, 0x0000000084600000|  0%| F|  |TAMS 0x0000000084500000, 0x0000000084500000| Untracked 
|  46|0x0000000084600000, 0x0000000084600000, 0x0000000084700000|  0%| F|  |TAMS 0x0000000084600000, 0x0000000084600000| Untracked 
|  47|0x0000000084700000, 0x0000000084700000, 0x0000000084800000|  0%| F|  |TAMS 0x0000000084700000, 0x0000000084700000| Untracked 
|  48|0x0000000084800000, 0x0000000084800000, 0x0000000084900000|  0%| F|  |TAMS 0x0000000084800000, 0x0000000084800000| Untracked 
|  49|0x0000000084900000, 0x0000000084900000, 0x0000000084a00000|  0%| F|  |TAMS 0x0000000084900000, 0x0000000084900000| Untracked 
|  50|0x0000000084a00000, 0x0000000084a00000, 0x0000000084b00000|  0%| F|  |TAMS 0x0000000084a00000, 0x0000000084a00000| Untracked 
|  51|0x0000000084b00000, 0x0000000084b00000, 0x0000000084c00000|  0%| F|  |TAMS 0x0000000084b00000, 0x0000000084b00000| Untracked 
|  52|0x0000000084c00000, 0x0000000084c00000, 0x0000000084d00000|  0%| F|  |TAMS 0x0000000084c00000, 0x0000000084c00000| Untracked 
|  53|0x0000000084d00000, 0x0000000084d00000, 0x0000000084e00000|  0%| F|  |TAMS 0x0000000084d00000, 0x0000000084d00000| Untracked 
|  54|0x0000000084e00000, 0x0000000084e00000, 0x0000000084f00000|  0%| F|  |TAMS 0x0000000084e00000, 0x0000000084e00000| Untracked 
|  55|0x0000000084f00000, 0x0000000084f00000, 0x0000000085000000|  0%| F|  |TAMS 0x0000000084f00000, 0x0000000084f00000| Untracked 
|  56|0x0000000085000000, 0x0000000085000000, 0x0000000085100000|  0%| F|  |TAMS 0x0000000085000000, 0x0000000085000000| Untracked 
|  57|0x0000000085100000, 0x0000000085100000, 0x0000000085200000|  0%| F|  |TAMS 0x0000000085100000, 0x0000000085100000| Untracked 
|  58|0x0000000085200000, 0x0000000085200000, 0x0000000085300000|  0%| F|  |TAMS 0x0000000085200000, 0x0000000085200000| Untracked 
|  59|0x0000000085300000, 0x0000000085300000, 0x0000000085400000|  0%| F|  |TAMS 0x0000000085300000, 0x0000000085300000| Untracked 
|  60|0x0000000085400000, 0x0000000085400000, 0x0000000085500000|  0%| F|  |TAMS 0x0000000085400000, 0x0000000085400000| Untracked 
|  61|0x0000000085500000, 0x0000000085500000, 0x0000000085600000|  0%| F|  |TAMS 0x0000000085500000, 0x0000000085500000| Untracked 
|  62|0x0000000085600000, 0x0000000085600000, 0x0000000085700000|  0%| F|  |TAMS 0x0000000085600000, 0x0000000085600000| Untracked 
|  63|0x0000000085700000, 0x0000000085700000, 0x0000000085800000|  0%| F|  |TAMS 0x0000000085700000, 0x0000000085700000| Untracked 
|  64|0x0000000085800000, 0x0000000085800000, 0x0000000085900000|  0%| F|  |TAMS 0x0000000085800000, 0x0000000085800000| Untracked 
|  65|0x0000000085900000, 0x0000000085900000, 0x0000000085a00000|  0%| F|  |TAMS 0x0000000085900000, 0x0000000085900000| Untracked 
|  66|0x0000000085a00000, 0x0000000085a00000, 0x0000000085b00000|  0%| F|  |TAMS 0x0000000085a00000, 0x0000000085a00000| Untracked 
|  67|0x0000000085b00000, 0x0000000085b00000, 0x0000000085c00000|  0%| F|  |TAMS 0x0000000085b00000, 0x0000000085b00000| Untracked 
|  68|0x0000000085c00000, 0x0000000085c00000, 0x0000000085d00000|  0%| F|  |TAMS 0x0000000085c00000, 0x0000000085c00000| Untracked 
|  69|0x0000000085d00000, 0x0000000085d00000, 0x0000000085e00000|  0%| F|  |TAMS 0x0000000085d00000, 0x0000000085d00000| Untracked 
|  70|0x0000000085e00000, 0x0000000085e00000, 0x0000000085f00000|  0%| F|  |TAMS 0x0000000085e00000, 0x0000000085e00000| Untracked 
|  71|0x0000000085f00000, 0x0000000085f00000, 0x0000000086000000|  0%| F|  |TAMS 0x0000000085f00000, 0x0000000085f00000| Untracked 
|  72|0x0000000086000000, 0x0000000086000000, 0x0000000086100000|  0%| F|  |TAMS 0x0000000086000000, 0x0000000086000000| Untracked 
|  73|0x0000000086100000, 0x0000000086100000, 0x0000000086200000|  0%| F|  |TAMS 0x0000000086100000, 0x0000000086100000| Untracked 
|  74|0x0000000086200000, 0x0000000086200000, 0x0000000086300000|  0%| F|  |TAMS 0x0000000086200000, 0x0000000086200000| Untracked 
|  75|0x0000000086300000, 0x0000000086300000, 0x0000000086400000|  0%| F|  |TAMS 0x0000000086300000, 0x0000000086300000| Untracked 
|  76|0x0000000086400000, 0x0000000086400000, 0x0000000086500000|  0%| F|  |TAMS 0x0000000086400000, 0x0000000086400000| Untracked 
|  77|0x0000000086500000, 0x0000000086500000, 0x0000000086600000|  0%| F|  |TAMS 0x0000000086500000, 0x0000000086500000| Untracked 
|  78|0x0000000086600000, 0x0000000086600000, 0x0000000086700000|  0%| F|  |TAMS 0x0000000086600000, 0x0000000086600000| Untracked 
|  79|0x0000000086700000, 0x0000000086700000, 0x0000000086800000|  0%| F|  |TAMS 0x0000000086700000, 0x0000000086700000| Untracked 
|  80|0x0000000086800000, 0x0000000086800000, 0x0000000086900000|  0%| F|  |TAMS 0x0000000086800000, 0x0000000086800000| Untracked 
|  81|0x0000000086900000, 0x0000000086900000, 0x0000000086a00000|  0%| F|  |TAMS 0x0000000086900000, 0x0000000086900000| Untracked 
|  82|0x0000000086a00000, 0x0000000086a00000, 0x0000000086b00000|  0%| F|  |TAMS 0x0000000086a00000, 0x0000000086a00000| Untracked 
|  83|0x0000000086b00000, 0x0000000086b00000, 0x0000000086c00000|  0%| F|  |TAMS 0x0000000086b00000, 0x0000000086b00000| Untracked 
|  84|0x0000000086c00000, 0x0000000086c00000, 0x0000000086d00000|  0%| F|  |TAMS 0x0000000086c00000, 0x0000000086c00000| Untracked 
|  85|0x0000000086d00000, 0x0000000086d00000, 0x0000000086e00000|  0%| F|  |TAMS 0x0000000086d00000, 0x0000000086d00000| Untracked 
|  86|0x0000000086e00000, 0x0000000086e00000, 0x0000000086f00000|  0%| F|  |TAMS 0x0000000086e00000, 0x0000000086e00000| Untracked 
|  96|0x0000000087800000, 0x0000000087800000, 0x0000000087900000|  0%| F|  |TAMS 0x0000000087800000, 0x0000000087800000| Untracked 
|  97|0x0000000087900000, 0x0000000087900000, 0x0000000087a00000|  0%| F|  |TAMS 0x0000000087900000, 0x0000000087900000| Untracked 
|  98|0x0000000087a00000, 0x0000000087b00000, 0x0000000087b00000|100%| E|  |TAMS 0x0000000087a00000, 0x0000000087a00000| Complete 
|  99|0x0000000087b00000, 0x0000000087c00000, 0x0000000087c00000|100%| E|CS|TAMS 0x0000000087b00000, 0x0000000087b00000| Complete 
| 100|0x0000000087c00000, 0x0000000087ca6460, 0x0000000087d00000| 64%| S|CS|TAMS 0x0000000087c00000, 0x0000000087c00000| Complete 
| 127|0x0000000089700000, 0x0000000089800000, 0x0000000089800000|100%| E|CS|TAMS 0x0000000089700000, 0x0000000089700000| Complete 

Card table byte_map: [0x000001ebbc200000,0x000001ebbc600000] _byte_map_base: 0x000001ebbbdf4000

Marking Bits (Prev, Next): (CMBitMap*) 0x000001eba997ab70, (CMBitMap*) 0x000001eba997abb0
 Prev Bits: [0x000001ebbca00000, 0x000001ebbe9a0000)
 Next Bits: [0x000001ebbe9a0000, 0x000001ebc0940000)

Polling page: 0x000001eba90e0000

Metaspace:

Usage:
  Non-class:     44.59 MB used.
      Class:      6.11 MB used.
       Both:     50.70 MB used.

Virtual space:
  Non-class space:       64.00 MB reserved,      44.75 MB ( 70%) committed,  1 nodes.
      Class space:        1.00 GB reserved,       6.19 MB ( <1%) committed,  1 nodes.
             Both:        1.06 GB reserved,      50.94 MB (  5%) committed. 

Chunk freelists:
   Non-Class:  3.22 MB
       Class:  9.76 MB
        Both:  12.98 MB

MaxMetaspaceSize: unlimited
CompressedClassSpaceSize: 1.00 GB
Initial GC threshold: 21.00 MB
Current GC threshold: 81.25 MB
CDS: off
MetaspaceReclaimPolicy: balanced
 - commit_granule_bytes: 65536.
 - commit_granule_words: 8192.
 - virtual_space_node_default_size: 8388608.
 - enlarge_chunks_in_place: 1.
 - new_chunks_are_fully_committed: 0.
 - uncommit_free_chunks: 1.
 - use_allocation_guard: 0.
 - handle_deallocations: 1.


Internal statistics:

num_allocs_failed_limit: 9.
num_arena_births: 212.
num_arena_deaths: 0.
num_vsnodes_births: 2.
num_vsnodes_deaths: 0.
num_space_committed: 813.
num_space_uncommitted: 0.
num_chunks_returned_to_freelist: 9.
num_chunks_taken_from_freelist: 1709.
num_chunk_merges: 9.
num_chunk_splits: 1443.
num_chunks_enlarged: 1296.
num_inconsistent_stats: 0.

CodeHeap 'non-profiled nmethods': size=120000Kb used=2171Kb max_used=2171Kb free=117828Kb
 bounds [0x000001ebb48d0000, 0x000001ebb4b40000, 0x000001ebbbe00000]
CodeHeap 'profiled nmethods': size=120000Kb used=9395Kb max_used=9395Kb free=110604Kb
 bounds [0x000001ebace00000, 0x000001ebad730000, 0x000001ebb4330000]
CodeHeap 'non-nmethods': size=5760Kb used=1266Kb max_used=1324Kb free=4493Kb
 bounds [0x000001ebb4330000, 0x000001ebb45a0000, 0x000001ebb48d0000]
 total_blobs=5011 nmethods=4432 adapters=491
 compilation: enabled
              stopped_count=0, restarted_count=0
 full_count=0

Compilation events (20 events):
Event: 10.591 Thread 0x000001ebc703e550 nmethod 4421 0x000001ebad713e90 code [0x000001ebad7140c0, 0x000001ebad714958]
Event: 10.594 Thread 0x000001ebc79fa6d0 4422       4       org.jetbrains.kotlin.com.intellij.lang.java.lexer.JavaLexer::advance (10 bytes)
Event: 10.596 Thread 0x000001ebc79fa6d0 nmethod 4422 0x000001ebb4aeac10 code [0x000001ebb4aeada0, 0x000001ebb4aeae88]
Event: 10.601 Thread 0x000001ebc703e550 4423       3       java.lang.Math::min (12 bytes)
Event: 10.601 Thread 0x000001ebc703e550 nmethod 4423 0x000001ebad714c90 code [0x000001ebad714e20, 0x000001ebad714f58]
Event: 10.601 Thread 0x000001ebc79fa6d0 4424       4       org.jetbrains.kotlin.com.intellij.lang.impl.PsiBuilderImpl::advanceLexer (31 bytes)
Event: 10.611 Thread 0x000001ebc703e550 4432       3       java.lang.ThreadLocal$ThreadLocalMap::set (133 bytes)
Event: 10.612 Thread 0x000001ebc703e550 nmethod 4432 0x000001ebad715010 code [0x000001ebad7152a0, 0x000001ebad715f68]
Event: 10.622 Thread 0x000001ebc703e550 4433       1       org.jetbrains.kotlin.util.EmptyArrayMap$iterator$1::hasNext (2 bytes)
Event: 10.622 Thread 0x000001ebc703e550 nmethod 4433 0x000001ebb4aeaf10 code [0x000001ebb4aeb0a0, 0x000001ebb4aeb178]
Event: 10.623 Thread 0x000001ebc703e550 4434       1       org.jetbrains.kotlin.descriptors.ScopesHolderForClass::access$getScopeFactory$p (5 bytes)
Event: 10.623 Thread 0x000001ebc703e550 nmethod 4434 0x000001ebb4aeb210 code [0x000001ebb4aeb3a0, 0x000001ebb4aeb458]
Event: 10.623 Thread 0x000001ebc703e550 4435       1       org.jetbrains.kotlin.descriptors.ScopesHolderForClass::access$getKotlinTypeRefinerForOwnerModule$p (5 bytes)
Event: 10.623 Thread 0x000001ebc703e550 nmethod 4435 0x000001ebb4aeb510 code [0x000001ebb4aeb6a0, 0x000001ebb4aeb758]
Event: 10.623 Thread 0x000001ebc703e550 4436       3       org.jetbrains.kotlin.resolve.scopes.utils.ScopeUtilsKt::takeSnapshot (28 bytes)
Event: 10.625 Thread 0x000001ebc703e550 nmethod 4436 0x000001ebad716410 code [0x000001ebad716660, 0x000001ebad716f48]
Event: 10.640 Thread 0x000001ebc703e550 4437       1       org.jetbrains.kotlin.resolve.lazy.descriptors.LazyClassDescriptor::isExpect (5 bytes)
Event: 10.640 Thread 0x000001ebc703e550 nmethod 4437 0x000001ebb4aeb810 code [0x000001ebb4aeb9a0, 0x000001ebb4aeba78]
Event: 10.641 Thread 0x000001ebc703e550 4438       1       org.jetbrains.kotlin.resolve.lazy.descriptors.ClassResolutionScopesSupport::access$getClassDescriptor$p (5 bytes)
Event: 10.641 Thread 0x000001ebc703e550 nmethod 4438 0x000001ebb4aebb10 code [0x000001ebb4aebca0, 0x000001ebb4aebd58]

GC Heap History (20 events):
Event: 4.274 GC heap before
{Heap before GC invocations=5 (full 0):
 garbage-first heap   total 45056K, used 33084K [0x0000000081800000, 0x0000000100000000)
  region size 1024K, 21 young (21504K), 2 survivors (2048K)
 Metaspace       used 29117K, committed 29312K, reserved 1114112K
  class space    used 3563K, committed 3648K, reserved 1048576K
}
Event: 4.290 GC heap after
{Heap after GC invocations=6 (full 0):
 garbage-first heap   total 45056K, used 18606K [0x0000000081800000, 0x0000000100000000)
  region size 1024K, 3 young (3072K), 3 survivors (3072K)
 Metaspace       used 29117K, committed 29312K, reserved 1114112K
  class space    used 3563K, committed 3648K, reserved 1048576K
}
Event: 4.906 GC heap before
{Heap before GC invocations=6 (full 0):
 garbage-first heap   total 45056K, used 31918K [0x0000000081800000, 0x0000000100000000)
  region size 1024K, 16 young (16384K), 3 survivors (3072K)
 Metaspace       used 33284K, committed 33408K, reserved 1114112K
  class space    used 4233K, committed 4288K, reserved 1048576K
}
Event: 4.918 GC heap after
{Heap after GC invocations=7 (full 0):
 garbage-first heap   total 54272K, used 20192K [0x0000000081800000, 0x0000000100000000)
  region size 1024K, 2 young (2048K), 2 survivors (2048K)
 Metaspace       used 33284K, committed 33408K, reserved 1114112K
  class space    used 4233K, committed 4288K, reserved 1048576K
}
Event: 5.345 GC heap before
{Heap before GC invocations=7 (full 0):
 garbage-first heap   total 54272K, used 34528K [0x0000000081800000, 0x0000000100000000)
  region size 1024K, 17 young (17408K), 2 survivors (2048K)
 Metaspace       used 35846K, committed 36096K, reserved 1114112K
  class space    used 4525K, committed 4672K, reserved 1048576K
}
Event: 5.357 GC heap after
{Heap after GC invocations=8 (full 0):
 garbage-first heap   total 54272K, used 19692K [0x0000000081800000, 0x0000000100000000)
  region size 1024K, 3 young (3072K), 3 survivors (3072K)
 Metaspace       used 35846K, committed 36096K, reserved 1114112K
  class space    used 4525K, committed 4672K, reserved 1048576K
}
Event: 5.807 GC heap before
{Heap before GC invocations=9 (full 0):
 garbage-first heap   total 54272K, used 36076K [0x0000000081800000, 0x0000000100000000)
  region size 1024K, 20 young (20480K), 3 survivors (3072K)
 Metaspace       used 39506K, committed 39744K, reserved 1114112K
  class space    used 4834K, committed 4928K, reserved 1048576K
}
Event: 5.822 GC heap after
{Heap after GC invocations=10 (full 0):
 garbage-first heap   total 54272K, used 21558K [0x0000000081800000, 0x0000000100000000)
  region size 1024K, 2 young (2048K), 2 survivors (2048K)
 Metaspace       used 39506K, committed 39744K, reserved 1114112K
  class space    used 4834K, committed 4928K, reserved 1048576K
}
Event: 5.861 GC heap before
{Heap before GC invocations=10 (full 0):
 garbage-first heap   total 54272K, used 22582K [0x0000000081800000, 0x0000000100000000)
  region size 1024K, 3 young (3072K), 2 survivors (2048K)
 Metaspace       used 39721K, committed 40000K, reserved 1114112K
  class space    used 4860K, committed 4992K, reserved 1048576K
}
Event: 5.871 GC heap after
{Heap after GC invocations=11 (full 0):
 garbage-first heap   total 54272K, used 22107K [0x0000000081800000, 0x0000000100000000)
  region size 1024K, 1 young (1024K), 1 survivors (1024K)
 Metaspace       used 39721K, committed 40000K, reserved 1114112K
  class space    used 4860K, committed 4992K, reserved 1048576K
}
Event: 6.724 GC heap before
{Heap before GC invocations=11 (full 0):
 garbage-first heap   total 54272K, used 39515K [0x0000000081800000, 0x0000000100000000)
  region size 1024K, 18 young (18432K), 1 survivors (1024K)
 Metaspace       used 43996K, committed 44288K, reserved 1114112K
  class space    used 5362K, committed 5504K, reserved 1048576K
}
Event: 6.734 GC heap after
{Heap after GC invocations=12 (full 0):
 garbage-first heap   total 54272K, used 22912K [0x0000000081800000, 0x0000000100000000)
  region size 1024K, 2 young (2048K), 2 survivors (2048K)
 Metaspace       used 43996K, committed 44288K, reserved 1114112K
  class space    used 5362K, committed 5504K, reserved 1048576K
}
Event: 7.676 GC heap before
{Heap before GC invocations=13 (full 0):
 garbage-first heap   total 54272K, used 40320K [0x0000000081800000, 0x0000000100000000)
  region size 1024K, 18 young (18432K), 2 survivors (2048K)
 Metaspace       used 47234K, committed 47424K, reserved 1114112K
  class space    used 5751K, committed 5824K, reserved 1048576K
}
Event: 7.686 GC heap after
{Heap after GC invocations=14 (full 0):
 garbage-first heap   total 54272K, used 27442K [0x0000000081800000, 0x0000000100000000)
  region size 1024K, 3 young (3072K), 3 survivors (3072K)
 Metaspace       used 47234K, committed 47424K, reserved 1114112K
  class space    used 5751K, committed 5824K, reserved 1048576K
}
Event: 8.539 GC heap before
{Heap before GC invocations=14 (full 0):
 garbage-first heap   total 54272K, used 41778K [0x0000000081800000, 0x0000000100000000)
  region size 1024K, 17 young (17408K), 3 survivors (3072K)
 Metaspace       used 49572K, committed 49792K, reserved 1114112K
  class space    used 6014K, committed 6080K, reserved 1048576K
}
Event: 8.553 GC heap after
{Heap after GC invocations=15 (full 0):
 garbage-first heap   total 95232K, used 30292K [0x0000000081800000, 0x0000000100000000)
  region size 1024K, 3 young (3072K), 3 survivors (3072K)
 Metaspace       used 49572K, committed 49792K, reserved 1114112K
  class space    used 6014K, committed 6080K, reserved 1048576K
}
Event: 9.921 GC heap before
{Heap before GC invocations=16 (full 0):
 garbage-first heap   total 95232K, used 68180K [0x0000000081800000, 0x0000000100000000)
  region size 1024K, 39 young (39936K), 3 survivors (3072K)
 Metaspace       used 51658K, committed 51904K, reserved 1114112K
  class space    used 6233K, committed 6336K, reserved 1048576K
}
Event: 9.942 GC heap after
{Heap after GC invocations=17 (full 0):
 garbage-first heap   total 95232K, used 34366K [0x0000000081800000, 0x0000000100000000)
  region size 1024K, 4 young (4096K), 4 survivors (4096K)
 Metaspace       used 51658K, committed 51904K, reserved 1114112K
  class space    used 6233K, committed 6336K, reserved 1048576K
}
Event: 10.043 GC heap before
{Heap before GC invocations=17 (full 0):
 garbage-first heap   total 95232K, used 35390K [0x0000000081800000, 0x0000000100000000)
  region size 1024K, 5 young (5120K), 4 survivors (4096K)
 Metaspace       used 51765K, committed 51968K, reserved 1114112K
  class space    used 6248K, committed 6336K, reserved 1048576K
}
Event: 10.063 GC heap after
{Heap after GC invocations=18 (full 0):
 garbage-first heap   total 95232K, used 34717K [0x0000000081800000, 0x0000000100000000)
  region size 1024K, 1 young (1024K), 1 survivors (1024K)
 Metaspace       used 51765K, committed 51968K, reserved 1114112K
  class space    used 6248K, committed 6336K, reserved 1048576K
}

Dll operation events (2 events):
Event: 0.013 Loaded shared library C:\Program Files\Android\Android Studio1\jbr\bin\java.dll
Event: 3.172 Loaded shared library C:\Program Files\Android\Android Studio1\jbr\bin\verify.dll

Deoptimization events (20 events):
Event: 10.114 Thread 0x000001eba78fcfa0 Uncommon trap: trap_request=0xffffffde fr.pc=0x000001ebb4918e7c relative=0x0000000000000e5c
Event: 10.114 Thread 0x000001eba78fcfa0 Uncommon trap: reason=class_check action=maybe_recompile pc=0x000001ebb4918e7c method=java.util.concurrent.ConcurrentHashMap.putVal(Ljava/lang/Object;Ljava/lang/Object;Z)Ljava/lang/Object; @ 159 c2
Event: 10.114 Thread 0x000001eba78fcfa0 DEOPT PACKING pc=0x000001ebb4918e7c sp=0x00000083403fc150
Event: 10.114 Thread 0x000001eba78fcfa0 DEOPT UNPACKING pc=0x000001ebb43869a3 sp=0x00000083403fc0d0 mode 2
Event: 10.198 Thread 0x000001eba78fcfa0 Uncommon trap: trap_request=0xffffffde fr.pc=0x000001ebb4918e7c relative=0x0000000000000e5c
Event: 10.198 Thread 0x000001eba78fcfa0 Uncommon trap: reason=class_check action=maybe_recompile pc=0x000001ebb4918e7c method=java.util.concurrent.ConcurrentHashMap.putVal(Ljava/lang/Object;Ljava/lang/Object;Z)Ljava/lang/Object; @ 159 c2
Event: 10.198 Thread 0x000001eba78fcfa0 DEOPT PACKING pc=0x000001ebb4918e7c sp=0x00000083403fc150
Event: 10.198 Thread 0x000001eba78fcfa0 DEOPT UNPACKING pc=0x000001ebb43869a3 sp=0x00000083403fc0d0 mode 2
Event: 10.227 Thread 0x000001eba78fcfa0 Uncommon trap: trap_request=0xffffffde fr.pc=0x000001ebb4918e7c relative=0x0000000000000e5c
Event: 10.227 Thread 0x000001eba78fcfa0 Uncommon trap: reason=class_check action=maybe_recompile pc=0x000001ebb4918e7c method=java.util.concurrent.ConcurrentHashMap.putVal(Ljava/lang/Object;Ljava/lang/Object;Z)Ljava/lang/Object; @ 159 c2
Event: 10.227 Thread 0x000001eba78fcfa0 DEOPT PACKING pc=0x000001ebb4918e7c sp=0x00000083403fbd80
Event: 10.227 Thread 0x000001eba78fcfa0 DEOPT UNPACKING pc=0x000001ebb43869a3 sp=0x00000083403fbd00 mode 2
Event: 10.280 Thread 0x000001eba78fcfa0 Uncommon trap: trap_request=0xffffff45 fr.pc=0x000001ebb4a9cebc relative=0x000000000000acdc
Event: 10.280 Thread 0x000001eba78fcfa0 Uncommon trap: reason=unstable_if action=reinterpret pc=0x000001ebb4a9cebc method=org.jetbrains.org.objectweb.asm.ClassReader.readMethod(Lorg/jetbrains/org/objectweb/asm/ClassVisitor;Lorg/jetbrains/org/objectweb/asm/Context;I)I @ 298 c2
Event: 10.280 Thread 0x000001eba78fcfa0 DEOPT PACKING pc=0x000001ebb4a9cebc sp=0x00000083403fbcf0
Event: 10.280 Thread 0x000001eba78fcfa0 DEOPT UNPACKING pc=0x000001ebb43869a3 sp=0x00000083403fbcc8 mode 2
Event: 10.409 Thread 0x000001eba78fcfa0 Uncommon trap: trap_request=0xffffffde fr.pc=0x000001ebb4918e7c relative=0x0000000000000e5c
Event: 10.409 Thread 0x000001eba78fcfa0 Uncommon trap: reason=class_check action=maybe_recompile pc=0x000001ebb4918e7c method=java.util.concurrent.ConcurrentHashMap.putVal(Ljava/lang/Object;Ljava/lang/Object;Z)Ljava/lang/Object; @ 159 c2
Event: 10.409 Thread 0x000001eba78fcfa0 DEOPT PACKING pc=0x000001ebb4918e7c sp=0x00000083403fbd80
Event: 10.409 Thread 0x000001eba78fcfa0 DEOPT UNPACKING pc=0x000001ebb43869a3 sp=0x00000083403fbd00 mode 2

Classes unloaded (0 events):
No events

Classes redefined (0 events):
No events

Internal exceptions (20 events):
Event: 2.876 Thread 0x000001eba78fcfa0 Exception <a 'java/lang/NoSuchMethodError'{0x0000000083bc6c68}: 'int java.lang.invoke.DirectMethodHandle$Holder.invokeStaticInit(java.lang.Object, java.lang.Object)'> (0x0000000083bc6c68) 
thrown [s\src\hotspot\share\interpreter\linkResolver.cpp, line 771]
Event: 2.904 Thread 0x000001eba78fcfa0 Exception <a 'java/lang/NoSuchMethodError'{0x0000000083aa5e70}: 'void java.lang.invoke.DirectMethodHandle$Holder.invokeSpecial(java.lang.Object, java.lang.Object, java.lang.Object)'> (0x0000000083aa5e70) 
thrown [s\src\hotspot\share\interpreter\linkResolver.cpp, line 771]
Event: 3.007 Thread 0x000001eba78fcfa0 Exception <a 'java/lang/NoSuchMethodError'{0x00000000837cb6a0}: 'void java.lang.invoke.DirectMethodHandle$Holder.invokeStatic(java.lang.Object, java.lang.Object, java.lang.Object, java.lang.Object)'> (0x00000000837cb6a0) 
thrown [s\src\hotspot\share\interpreter\linkResolver.cpp, line 771]
Event: 3.113 Thread 0x000001eba78fcfa0 Exception <a 'java/lang/NoSuchMethodError'{0x000000008338b048}: 'void java.lang.invoke.DirectMethodHandle$Holder.invokeStaticInit(java.lang.Object, java.lang.Object)'> (0x000000008338b048) 
thrown [s\src\hotspot\share\interpreter\linkResolver.cpp, line 771]
Event: 3.265 Thread 0x000001eba78fcfa0 Exception <a 'java/lang/NoSuchMethodError'{0x0000000082e030a0}: 'void java.lang.invoke.DirectMethodHandle$Holder.invokeVirtual(java.lang.Object, java.lang.Object)'> (0x0000000082e030a0) 
thrown [s\src\hotspot\share\interpreter\linkResolver.cpp, line 771]
Event: 3.287 Thread 0x000001eba78fcfa0 Exception <a 'java/lang/NoSuchMethodError'{0x0000000082e7c730}: 'int java.lang.invoke.DirectMethodHandle$Holder.invokeVirtual(java.lang.Object, java.lang.Object)'> (0x0000000082e7c730) 
thrown [s\src\hotspot\share\interpreter\linkResolver.cpp, line 771]
Event: 3.316 Thread 0x000001eba78fcfa0 Exception <a 'java/lang/NoSuchMethodError'{0x0000000082d14428}: 'java.lang.Object java.lang.invoke.Invokers$Holder.invokeExact_MT(java.lang.Object, java.lang.Object, java.lang.Object, java.lang.Object, java.lang.Object, java.lang.Object)'> (0x0000000082d14428) 
thrown [s\src\hotspot\share\interpreter\linkResolver.cpp, line 771]
Event: 4.697 Thread 0x000001eba78fcfa0 Implicit null exception at 0x000001ebb48e8cf2 to 0x000001ebb48e92c4
Event: 4.927 Thread 0x000001eba78fcfa0 Implicit null exception at 0x000001ebb48ea172 to 0x000001ebb48ea754
Event: 4.993 Thread 0x000001eba78fcfa0 Exception <a 'java/lang/NoSuchMethodError'{0x0000000087a142c8}: 'java.lang.Object java.lang.invoke.DirectMethodHandle$Holder.invokeVirtual(java.lang.Object, java.lang.Object, java.lang.Object)'> (0x0000000087a142c8) 
thrown [s\src\hotspot\share\interpreter\linkResolver.cpp, line 771]
Event: 6.392 Thread 0x000001eba78fcfa0 Exception <a 'java/lang/NoSuchMethodError'{0x0000000083e126a8}: 'java.lang.Object java.lang.invoke.DirectMethodHandle$Holder.newInvokeSpecial(java.lang.Object, java.lang.Object, int)'> (0x0000000083e126a8) 
thrown [s\src\hotspot\share\interpreter\linkResolver.cpp, line 771]
Event: 6.612 Thread 0x000001eba78fcfa0 Exception <a 'java/lang/NoSuchMethodError'{0x0000000083c27a48}: 'java.lang.Object java.lang.invoke.DirectMethodHandle$Holder.newInvokeSpecial(java.lang.Object, java.lang.Object, java.lang.Object, int)'> (0x0000000083c27a48) 
thrown [s\src\hotspot\share\interpreter\linkResolver.cpp, line 771]
Event: 6.613 Thread 0x000001eba78fcfa0 Exception <a 'java/lang/NoSuchMethodError'{0x0000000083c2c0d0}: 'java.lang.Object java.lang.invoke.DirectMethodHandle$Holder.invokeSpecial(java.lang.Object, java.lang.Object, java.lang.Object, java.lang.Object, int)'> (0x0000000083c2c0d0) 
thrown [s\src\hotspot\share\interpreter\linkResolver.cpp, line 771]
Event: 6.614 Thread 0x000001eba78fcfa0 Exception <a 'java/lang/NoSuchMethodError'{0x0000000083c2ff40}: 'java.lang.Object java.lang.invoke.Invokers$Holder.linkToTargetMethod(java.lang.Object, java.lang.Object, int, java.lang.Object)'> (0x0000000083c2ff40) 
thrown [s\src\hotspot\share\interpreter\linkResolver.cpp, line 771]
Event: 9.514 Thread 0x000001eba78fcfa0 Exception <a 'java/lang/NoSuchMethodError'{0x00000000855a0710}: 'java.lang.Object java.lang.invoke.DirectMethodHandle$Holder.newInvokeSpecial(java.lang.Object, int, java.lang.Object)'> (0x00000000855a0710) 
thrown [s\src\hotspot\share\interpreter\linkResolver.cpp, line 771]
Event: 9.516 Thread 0x000001eba78fcfa0 Exception <a 'java/lang/NoSuchMethodError'{0x00000000855a6ab8}: 'int java.lang.invoke.DirectMethodHandle$Holder.invokeInterface(java.lang.Object, java.lang.Object)'> (0x00000000855a6ab8) 
thrown [s\src\hotspot\share\interpreter\linkResolver.cpp, line 771]
Event: 9.789 Thread 0x000001eba78fcfa0 Exception <a 'java/lang/NoSuchMethodError'{0x0000000085230fc0}: 'java.lang.Object java.lang.invoke.DirectMethodHandle$Holder.newInvokeSpecial(java.lang.Object, java.lang.Object, java.lang.Object, java.lang.Object, java.lang.Object, java.lang.Object, java.lang.Object, java.lang.Object)'> (0x0000000085230fc0) 
thrown [s\src\hotspot\share\interpreter\linkResolver.cpp, line 771]
Event: 9.790 Thread 0x000001eba78fcfa0 Exception <a 'java/lang/NoSuchMethodError'{0x00000000852365d8}: 'java.lang.Object java.lang.invoke.DirectMethodHandle$Holder.invokeSpecial(java.lang.Object, java.lang.Object, java.lang.Object, java.lang.Object, java.lang.Object, java.lang.Object, java.lang.Object, java.lang.Object, java.lang.Object)'> (0x00000000852365d8) 
thrown [s\src\hotspot\share\interpreter\linkResolver.cpp, line 771]
Event: 9.791 Thread 0x000001eba78fcfa0 Exception <a 'java/lang/NoSuchMethodError'{0x000000008523b508}: 'java.lang.Object java.lang.invoke.Invokers$Holder.linkToTargetMethod(java.lang.Object, java.lang.Object, java.lang.Object, java.lang.Object, java.lang.Object, java.lang.Object, java.lang.Object, java.lang.Object)'> (0x000000008523b508) 
thrown [s\src\hotspot\share\interpreter\linkResolver.cpp, line 771]
Event: 9.983 Thread 0x000001eba78fcfa0 Exception <a 'java/lang/NoSuchMethodError'{0x00000000897599c8}: 'java.lang.Object java.lang.invoke.DirectMethodHandle$Holder.newInvokeSpecial(java.lang.Object, java.lang.Object, java.lang.Object, java.lang.Object, java.lang.Object, java.lang.Object)'> (0x00000000897599c8) 
thrown [s\src\hotspot\share\interpreter\linkResolver.cpp, line 771]

VM Operations (20 events):
Event: 8.504 Executing VM operation: ICBufferFull
Event: 8.505 Executing VM operation: ICBufferFull done
Event: 8.539 Executing VM operation: G1CollectForAllocation
Event: 8.553 Executing VM operation: G1CollectForAllocation done
Event: 8.633 Executing VM operation: G1PauseRemark
Event: 8.641 Executing VM operation: G1PauseRemark done
Event: 8.643 Executing VM operation: HandshakeAllThreads
Event: 8.643 Executing VM operation: HandshakeAllThreads done
Event: 8.678 Executing VM operation: G1PauseCleanup
Event: 8.679 Executing VM operation: G1PauseCleanup done
Event: 9.171 Executing VM operation: HandshakeAllThreads
Event: 9.180 Executing VM operation: HandshakeAllThreads done
Event: 9.405 Executing VM operation: HandshakeAllThreads
Event: 9.405 Executing VM operation: HandshakeAllThreads done
Event: 9.779 Executing VM operation: ICBufferFull
Event: 9.779 Executing VM operation: ICBufferFull done
Event: 9.921 Executing VM operation: G1CollectForAllocation
Event: 9.942 Executing VM operation: G1CollectForAllocation done
Event: 10.043 Executing VM operation: G1CollectForAllocation
Event: 10.063 Executing VM operation: G1CollectForAllocation done

Events (20 events):
Event: 7.425 loading class java/util/stream/IntPipeline$1$1
Event: 7.425 loading class java/util/stream/Sink$ChainedInt
Event: 7.426 loading class java/util/stream/Sink$OfInt
Event: 7.426 loading class java/util/function/IntConsumer
Event: 7.426 loading class java/util/function/IntConsumer done
Event: 7.426 loading class java/util/stream/Sink$OfInt done
Event: 7.426 loading class java/util/stream/Sink$ChainedInt done
Event: 7.426 loading class java/util/stream/IntPipeline$1$1 done
Event: 7.465 loading class java/util/AbstractList$SubList$1
Event: 7.466 loading class java/util/AbstractList$SubList$1 done
Event: 7.502 loading class java/text/StringCharacterIterator
Event: 7.502 loading class java/text/CharacterIterator
Event: 7.502 loading class java/text/CharacterIterator done
Event: 7.502 loading class java/text/StringCharacterIterator done
Event: 7.563 loading class java/security/CodeSigner
Event: 7.563 loading class java/security/CodeSigner done
Event: 8.151 loading class java/util/ComparableTimSort
Event: 8.152 loading class java/util/ComparableTimSort done
Event: 10.017 loading class java/util/RegularEnumSet$EnumSetIterator
Event: 10.018 loading class java/util/RegularEnumSet$EnumSetIterator done


Dynamic libraries:
0x00007ff69f8c0000 - 0x00007ff69f8ca000 	C:\Program Files\Android\Android Studio1\jbr\bin\java.exe
0x00007ffc31010000 - 0x00007ffc31208000 	C:\WINDOWS\SYSTEM32\ntdll.dll
0x00007ffc30980000 - 0x00007ffc30a3d000 	C:\WINDOWS\System32\KERNEL32.DLL
0x00007ffc2e950000 - 0x00007ffc2ec46000 	C:\WINDOWS\System32\KERNELBASE.dll
0x00007ffc2e850000 - 0x00007ffc2e950000 	C:\WINDOWS\System32\ucrtbase.dll
0x00007ffc1ebc0000 - 0x00007ffc1ebdb000 	C:\Program Files\Android\Android Studio1\jbr\bin\VCRUNTIME140.dll
0x00007ffc25020000 - 0x00007ffc25037000 	C:\Program Files\Android\Android Studio1\jbr\bin\jli.dll
0x00007ffc2f2e0000 - 0x00007ffc2f47f000 	C:\WINDOWS\System32\USER32.dll
0x00007ffc2f010000 - 0x00007ffc2f032000 	C:\WINDOWS\System32\win32u.dll
0x00007ffc1b890000 - 0x00007ffc1bb2a000 	C:\WINDOWS\WinSxS\amd64_microsoft.windows.common-controls_6595b64144ccf1df_6.0.19041.4355_none_60b8b9eb71f62e16\COMCTL32.dll
0x00007ffc30950000 - 0x00007ffc3097b000 	C:\WINDOWS\System32\GDI32.dll
0x00007ffc2fe00000 - 0x00007ffc2fe9e000 	C:\WINDOWS\System32\msvcrt.dll
0x00007ffc2eef0000 - 0x00007ffc2f007000 	C:\WINDOWS\System32\gdi32full.dll
0x00007ffc2ecc0000 - 0x00007ffc2ed5d000 	C:\WINDOWS\System32\msvcp_win.dll
0x00007ffc2f2a0000 - 0x00007ffc2f2d2000 	C:\WINDOWS\System32\IMM32.DLL
0x00007ffc1ee00000 - 0x00007ffc1ee0c000 	C:\Program Files\Android\Android Studio1\jbr\bin\vcruntime140_1.dll
0x00007ffc15890000 - 0x00007ffc1591d000 	C:\Program Files\Android\Android Studio1\jbr\bin\msvcp140.dll
0x00007ffbff670000 - 0x00007ffc002f3000 	C:\Program Files\Android\Android Studio1\jbr\bin\server\jvm.dll
0x00007ffc2f1f0000 - 0x00007ffc2f2a0000 	C:\WINDOWS\System32\ADVAPI32.dll
0x00007ffc30da0000 - 0x00007ffc30e40000 	C:\WINDOWS\System32\sechost.dll
0x00007ffc2f980000 - 0x00007ffc2faa3000 	C:\WINDOWS\System32\RPCRT4.dll
0x00007ffc2e6c0000 - 0x00007ffc2e6e7000 	C:\WINDOWS\System32\bcrypt.dll
0x00007ffc2e510000 - 0x00007ffc2e55b000 	C:\WINDOWS\SYSTEM32\POWRPROF.dll
0x00007ffc27e50000 - 0x00007ffc27e59000 	C:\WINDOWS\SYSTEM32\WSOCK32.dll
0x00007ffc20560000 - 0x00007ffc20587000 	C:\WINDOWS\SYSTEM32\WINMM.dll
0x00007ffc2feb0000 - 0x00007ffc2ff1b000 	C:\WINDOWS\System32\WS2_32.dll
0x00007ffc20590000 - 0x00007ffc2059a000 	C:\WINDOWS\SYSTEM32\VERSION.dll
0x00007ffc2e4f0000 - 0x00007ffc2e502000 	C:\WINDOWS\SYSTEM32\UMPDC.dll
0x00007ffc2d130000 - 0x00007ffc2d142000 	C:\WINDOWS\SYSTEM32\kernel.appcore.dll
0x00007ffc0f160000 - 0x00007ffc0f16a000 	C:\Program Files\Android\Android Studio1\jbr\bin\jimage.dll
0x00007ffc2cb90000 - 0x00007ffc2cd74000 	C:\WINDOWS\SYSTEM32\DBGHELP.DLL
0x00007ffc27fe0000 - 0x00007ffc28014000 	C:\WINDOWS\SYSTEM32\dbgcore.DLL
0x00007ffc2ed60000 - 0x00007ffc2ede2000 	C:\WINDOWS\System32\bcryptPrimitives.dll
0x00007ffc0f130000 - 0x00007ffc0f155000 	C:\Program Files\Android\Android Studio1\jbr\bin\java.dll
0x00007ffc024c0000 - 0x00007ffc024d8000 	C:\Program Files\Android\Android Studio1\jbr\bin\zip.dll
0x00007ffc2ffa0000 - 0x00007ffc3070b000 	C:\WINDOWS\System32\SHELL32.dll
0x00007ffc2c320000 - 0x00007ffc2cabd000 	C:\WINDOWS\SYSTEM32\windows.storage.dll
0x00007ffc30a40000 - 0x00007ffc30d93000 	C:\WINDOWS\System32\combase.dll
0x00007ffc2df30000 - 0x00007ffc2df5e000 	C:\WINDOWS\SYSTEM32\Wldp.dll
0x00007ffc2fc50000 - 0x00007ffc2fd1d000 	C:\WINDOWS\System32\OLEAUT32.dll
0x00007ffc30710000 - 0x00007ffc307bd000 	C:\WINDOWS\System32\SHCORE.dll
0x00007ffc2f900000 - 0x00007ffc2f955000 	C:\WINDOWS\System32\shlwapi.dll
0x00007ffc2e5f0000 - 0x00007ffc2e614000 	C:\WINDOWS\SYSTEM32\profapi.dll
0x00007ffc29f50000 - 0x00007ffc29f69000 	C:\Program Files\Android\Android Studio1\jbr\bin\net.dll
0x00007ffc23400000 - 0x00007ffc2350a000 	C:\WINDOWS\SYSTEM32\WINHTTP.dll
0x00007ffc2dd10000 - 0x00007ffc2dd7a000 	C:\WINDOWS\system32\mswsock.dll
0x00007ffc26ef0000 - 0x00007ffc26f06000 	C:\Program Files\Android\Android Studio1\jbr\bin\nio.dll
0x00007ffc27e30000 - 0x00007ffc27e40000 	C:\Program Files\Android\Android Studio1\jbr\bin\verify.dll

dbghelp: loaded successfully - version: 4.0.5 - missing functions: none
symbol engine: initialized successfully - sym options: 0x614 - pdb path: .;C:\Program Files\Android\Android Studio1\jbr\bin;C:\WINDOWS\SYSTEM32;C:\WINDOWS\WinSxS\amd64_microsoft.windows.common-controls_6595b64144ccf1df_6.0.19041.4355_none_60b8b9eb71f62e16;C:\Program Files\Android\Android Studio1\jbr\bin\server

VM Arguments:
java_command: org.jetbrains.kotlin.cli.jvm.K2JVMCompiler @D:\capstone\Pulih-Apps-MD\app\build\20240603_743122233290470944.compiler.options
java_class_path (initial): C:\Users\ADAM\.gradle\caches\modules-2\files-2.1\org.jetbrains.kotlin\kotlin-compiler-embeddable\1.9.0\2c8c3a7402becca891f12739b3e9fd2dc2adbd7a\kotlin-compiler-embeddable-1.9.0.jar;C:\Users\ADAM\.gradle\caches\modules-2\files-2.1\org.jetbrains.kotlin\kotlin-stdlib\1.9.0\8ee15ef0c67dc83d874f412d84378d7f0eb50b63\kotlin-stdlib-1.9.0.jar;C:\Users\ADAM\.gradle\caches\modules-2\files-2.1\org.jetbrains.kotlin\kotlin-script-runtime\1.9.0\4b3102cbbb7e1b58d9d1adf89563f00069ffa7d1\kotlin-script-runtime-1.9.0.jar;C:\Users\ADAM\.gradle\caches\modules-2\files-2.1\org.jetbrains.kotlin\kotlin-reflect\1.6.10\1cbe9c92c12a94eea200d23c2bbaedaf3daf5132\kotlin-reflect-1.6.10.jar;C:\Users\ADAM\.gradle\caches\modules-2\files-2.1\org.jetbrains.kotlin\kotlin-daemon-embeddable\1.9.0\186543f5e28cf8d9a0290fecc2cf34301c40a65c\kotlin-daemon-embeddable-1.9.0.jar;C:\Users\ADAM\.gradle\caches\modules-2\files-2.1\org.jetbrains.intellij.deps\trove4j\1.0.20200330\3afb14d5f9ceb459d724e907a21145e8ff394f02\trove4j-1.0.20200330.jar;C:\Users\ADAM\.gradle\caches\modules-2\files-2.1\org.jetbrains.kotlin\kotlin-stdlib-common\1.9.0\cd65c21cfd1eec4d44ef09f9f52b6d9f8a720636\kotlin-stdlib-common-1.9.0.jar;C:\Users\ADAM\.gradle\caches\modules-2\files-2.1\org.jetbrains\annotations\13.0\919f0dfe192fb4e063e7dacadee7f8bb9a2672a9\annotations-13.0.jar
Launcher Type: SUN_STANDARD

[Global flags]
     intx CICompilerCount                          = 3                                         {product} {ergonomic}
     uint ConcGCThreads                            = 1                                         {product} {ergonomic}
     uint G1ConcRefinementThreads                  = 4                                         {product} {ergonomic}
   size_t G1HeapRegionSize                         = 1048576                                   {product} {ergonomic}
    uintx GCDrainStackTargetSize                   = 64                                        {product} {ergonomic}
   size_t InitialHeapSize                          = 134217728                                 {product} {ergonomic}
   size_t MarkStackSize                            = 4194304                                   {product} {ergonomic}
   size_t MaxHeapSize                              = 2122317824                                {product} {ergonomic}
   size_t MaxNewSize                               = 1272971264                                {product} {ergonomic}
   size_t MinHeapDeltaBytes                        = 1048576                                   {product} {ergonomic}
   size_t MinHeapSize                              = 8388608                                   {product} {ergonomic}
    uintx NonNMethodCodeHeapSize                   = 5832780                                {pd product} {ergonomic}
    uintx NonProfiledCodeHeapSize                  = 122912730                              {pd product} {ergonomic}
    uintx ProfiledCodeHeapSize                     = 122912730                              {pd product} {ergonomic}
    uintx ReservedCodeCacheSize                    = 251658240                              {pd product} {ergonomic}
     bool SegmentedCodeCache                       = true                                      {product} {ergonomic}
   size_t SoftMaxHeapSize                          = 2122317824                             {manageable} {ergonomic}
     bool UseCompressedClassPointers               = true                           {product lp64_product} {ergonomic}
     bool UseCompressedOops                        = true                           {product lp64_product} {ergonomic}
     bool UseG1GC                                  = true                                      {product} {ergonomic}
     bool UseLargePagesIndividualAllocation        = false                                  {pd product} {ergonomic}

Logging:
Log output configuration:
 #0: stdout all=warning uptime,level,tags
 #1: stderr all=off uptime,level,tags

Environment Variables:
JAVA_HOME=C:\Program Files\Zulu\zulu-21\
PATH=C:\Program Files\Zulu\zulu-21\bin\;C:\Program Files\Common Files\Oracle\Java\javapath;C:\Program Files (x86)\Embarcadero\Studio\21.0\bin;C:\Users\Public\Documents\Embarcadero\Studio\21.0\Bpl;C:\Program Files (x86)\Embarcadero\Studio\21.0\bin64;C:\Users\Public\Documents\Embarcadero\Studio\21.0\Bpl\Win64;C:\Program Files (x86)\Common Files\Intel\Shared Files\cpp\bin\Intel64;C:\WINDOWS\system32;C:\WINDOWS;C:\WINDOWS\System32\Wbem;C:\WINDOWS\System32\WindowsPowerShell\v1.0\;C:\WINDOWS\System32\OpenSSH\;C:\msys64\mingw64\bin;E:\Games\matlab\runtime\win64;E:\Games\matlab\bin;E:\Games\M.R2022a\MATLAB R2022a v9.12.0.1884302 (x64).kuyhAa\runtime\win64;E:\Games\M.R2022a\MATLAB R2022a v9.12.0.1884302 (x64).kuyhAa\bin;C:\Users\ADAM\AppData\Local\Programs\Python\Python311;C:\Users\ADAM\AppData\Local\Programs\Python\Python311\Scripts;C:\Users\ADAM\AppData\Local\Programs\Python\Python311\Lib\site-packages\pygame;C:\Users\ADAM\AppData\Roaming\nvm;C:\Program Files\nodejs;E:\Git\cmd;C:\gradle-8.6-bin\gradle-8.6\bin;C:\Users\ADAM\AppData\Local\Microsoft\WindowsApps;C:\msys64\mingw64\bin;C:\Users\ADAM\AppData\Local\Programs\Python\Python311;C:\Users\ADAM\AppData\Local\Programs\Python\Python311\Scripts;C:\Users\ADAM\AppData\Local\Programs\Python\Python311\Lib\site-packages\pygame;C:\Users\ADAM\AppData\Local\Programs\Python\Python311\Lib\site-packages;C:\Users\ADAM\AppData\Roaming\npm;C:\Users\ADAM\AppData\Roaming\nvm;C:\Program Files\nodejs;C:\Users\ADAM\AppData\Local\Programs\Microsoft VS Code\bin;C:\Image-ExifTool-12.77;;D:\ExifTool
USERNAME=muh kholil gibran
OS=Windows_NT
PROCESSOR_IDENTIFIER=Intel64 Family 6 Model 61 Stepping 4, GenuineIntel
TMP=C:\Users\ADAM\AppData\Local\Temp
TEMP=C:\Users\ADAM\AppData\Local\Temp



Periodic native trim disabled

JNI global refs:
JNI global refs: 9, weak refs: 9

JNI global refs memory usage: 843, weak refs: 841

OOME stack traces (most recent first):
Classloader memory used:
Loader jdk.internal.loader.ClassLoaders$AppClassLoader                                 : 5182K
Loader bootstrap                                                                       : 1296K
Loader jdk.internal.reflect.DelegatingClassLoader                                      : 11131B


---------------  S Y S T E M  ---------------

OS:
 Windows 10 , 64 bit Build 19041 (10.0.19041.3636)
OS uptime: 0 days 16:01 hours
Hyper-V role detected

CPU: total 4 (initial active 4) (2 cores per cpu, 2 threads per core) family 6 model 61 stepping 4 microcode 0x2d, cx8, cmov, fxsr, ht, mmx, 3dnowpref, sse, sse2, sse3, ssse3, sse4.1, sse4.2, popcnt, lzcnt, tsc, tscinvbit, avx, avx2, aes, erms, clmul, bmi1, bmi2, adx, fma, vzeroupper, clflush, hv
Processor Information for all 4 processors :
  Max Mhz: 1995, Current Mhz: 1995, Mhz Limit: 1995

Memory: 4k page, system-wide physical 8095M (380M free)
TotalPageFile size 12095M (AvailPageFile size 5M)
current process WorkingSet (physical memory assigned to process): 250M, peak: 250M
current process commit charge ("private bytes"): 285M, peak: 286M

vm_info: OpenJDK 64-Bit Server VM (17.0.10+0--11572160) for windows-amd64 JRE (17.0.10+0--11572160), built on Mar 13 2024 23:56:38 by "androidbuild" with MS VC++ 16.10 / 16.11 (VS2019)

END.
