#
# There is insufficient memory for the Java Runtime Environment to continue.
# Native memory allocation (malloc) failed to allocate 1073440 bytes for Chunk::new
# Possible reasons:
#   The system is out of physical RAM or swap space
#   The process is running with CompressedOops enabled, and the Java Heap may be blocking the growth of the native heap
# Possible solutions:
#   Reduce memory load on the system
#   Increase physical memory or swap space
#   Check if swap backing store is full
#   Decrease Java heap size (-Xmx/-Xms)
#   Decrease number of Java threads
#   Decrease Java thread stack sizes (-Xss)
#   Set larger code cache with -XX:ReservedCodeCacheSize=
#   JVM is running with Unscaled Compressed Oops mode in which the Java heap is
#     placed in the first 4GB address space. The Java Heap base address is the
#     maximum limit for the native heap growth. Please use -XX:HeapBaseMinAddress
#     to set the Java Heap base and to place the Java Heap above 4GB virtual address.
# This output file may be truncated or incomplete.
#
#  Out of Memory Error (arena.cpp:191), pid=8824, tid=5272
#
# JRE version: OpenJDK Runtime Environment (17.0.10) (build 17.0.10+0--11572160)
# Java VM: OpenJDK 64-Bit Server VM (17.0.10+0--11572160, mixed mode, tiered, compressed oops, compressed class ptrs, g1 gc, windows-amd64)
# No core dump will be written. Minidumps are not enabled by default on client versions of Windows
#

---------------  S U M M A R Y ------------

Command Line: --add-opens=java.base/java.util=ALL-UNNAMED --add-opens=java.base/java.lang=ALL-UNNAMED --add-opens=java.base/java.lang.invoke=ALL-UNNAMED --add-opens=java.prefs/java.util.prefs=ALL-UNNAMED --add-opens=java.base/java.nio.charset=ALL-UNNAMED --add-opens=java.base/java.net=ALL-UNNAMED --add-opens=java.base/java.util.concurrent.atomic=ALL-UNNAMED -Xmx2048m -Dfile.encoding=UTF-8 -Duser.country=US -Duser.language=en -Duser.variant -javaagent:C:\Users\ADAM\.gradle\wrapper\dists\gradle-8.6-bin\afr5mpiioh2wthjmwnkmdsd5w\gradle-8.6\lib\agents\gradle-instrumentation-agent-8.6.jar org.gradle.launcher.daemon.bootstrap.GradleDaemon 8.6

Host: Intel(R) Core(TM) i3-5005U CPU @ 2.00GHz, 4 cores, 7G,  Windows 10 , 64 bit Build 19041 (10.0.19041.3636)
Time: Tue Jun 18 18:12:56 2024 Malay Peninsula Standard Time elapsed time: 77.936266 seconds (0d 0h 1m 17s)

---------------  T H R E A D  ---------------

Current thread (0x000001e04c2787f0):  JavaThread "C2 CompilerThread1" daemon [_thread_in_native, id=5272, stack(0x000000dae1c00000,0x000000dae1d00000)]


Current CompileTask:
C2:  77936 5176       4       java.lang.String::split (327 bytes)

Stack: [0x000000dae1c00000,0x000000dae1d00000]
Native frames: (J=compiled Java code, j=interpreted, Vv=VM code, C=native code)
V  [jvm.dll+0x688e89]
V  [jvm.dll+0x84247a]
V  [jvm.dll+0x8440be]
V  [jvm.dll+0x844723]
V  [jvm.dll+0x24be0f]
V  [jvm.dll+0xac524]
V  [jvm.dll+0xacb6c]
V  [jvm.dll+0x36bd67]
V  [jvm.dll+0x1be002]
V  [jvm.dll+0x21dbf9]
V  [jvm.dll+0x21cec1]
V  [jvm.dll+0x1a60ad]
V  [jvm.dll+0x22cd78]
V  [jvm.dll+0x22aeb0]
V  [jvm.dll+0x7f6917]
V  [jvm.dll+0x7f0d1a]
V  [jvm.dll+0x687d05]
C  [ucrtbase.dll+0x21bb2]
C  [KERNEL32.DLL+0x17344]
C  [ntdll.dll+0x526b1]


---------------  P R O C E S S  ---------------

Threads class SMR info:
_java_thread_list=0x000001e04d666290, length=38, elements={
0x000001e02d107fe0, 0x000001e0466da9e0, 0x000001e0466db770, 0x000001e04685ebb0,
0x000001e04686b2c0, 0x000001e04686dfd0, 0x000001e04686e8a0, 0x000001e04686f550,
0x000001e04687f690, 0x000001e046892b70, 0x000001e0466727b0, 0x000001e046afaad0,
0x000001e04d6986b0, 0x000001e04b8576a0, 0x000001e04b7cfcd0, 0x000001e04d9c8070,
0x000001e04d9c8550, 0x000001e04ca59100, 0x000001e04ca59b20, 0x000001e04ca581d0,
0x000001e04ca572a0, 0x000001e04ca56880, 0x000001e04ca56d90, 0x000001e04ca577b0,
0x000001e04ca56370, 0x000001e04ca57cc0, 0x000001e04ca586e0, 0x000001e04ca58bf0,
0x000001e04c708680, 0x000001e04c708b90, 0x000001e04c7049c0, 0x000001e04c706820,
0x000001e04c703070, 0x000001e04c704ed0, 0x000001e04c7053e0, 0x000001e04c7090a0,
0x000001e04c7044b0, 0x000001e04c2787f0
}

Java Threads: ( => current thread )
  0x000001e02d107fe0 JavaThread "main" [_thread_blocked, id=12028, stack(0x000000dadf000000,0x000000dadf100000)]
  0x000001e0466da9e0 JavaThread "Reference Handler" daemon [_thread_blocked, id=9132, stack(0x000000dadf700000,0x000000dadf800000)]
  0x000001e0466db770 JavaThread "Finalizer" daemon [_thread_blocked, id=860, stack(0x000000dadf800000,0x000000dadf900000)]
  0x000001e04685ebb0 JavaThread "Signal Dispatcher" daemon [_thread_blocked, id=4788, stack(0x000000dadf900000,0x000000dadfa00000)]
  0x000001e04686b2c0 JavaThread "Attach Listener" daemon [_thread_blocked, id=6744, stack(0x000000dadfa00000,0x000000dadfb00000)]
  0x000001e04686dfd0 JavaThread "Service Thread" daemon [_thread_blocked, id=11944, stack(0x000000dadfb00000,0x000000dadfc00000)]
  0x000001e04686e8a0 JavaThread "Monitor Deflation Thread" daemon [_thread_blocked, id=9944, stack(0x000000dadfc00000,0x000000dadfd00000)]
  0x000001e04686f550 JavaThread "C2 CompilerThread0" daemon [_thread_blocked, id=11988, stack(0x000000dadfd00000,0x000000dadfe00000)]
  0x000001e04687f690 JavaThread "C1 CompilerThread0" daemon [_thread_blocked, id=1328, stack(0x000000dadfe00000,0x000000dadff00000)]
  0x000001e046892b70 JavaThread "Sweeper thread" daemon [_thread_blocked, id=2524, stack(0x000000dadff00000,0x000000dae0000000)]
  0x000001e0466727b0 JavaThread "Common-Cleaner" daemon [_thread_blocked, id=3124, stack(0x000000dae0000000,0x000000dae0100000)]
  0x000001e046afaad0 JavaThread "Notification Thread" daemon [_thread_blocked, id=3908, stack(0x000000dae0100000,0x000000dae0200000)]
  0x000001e04d6986b0 JavaThread "Daemon health stats" [_thread_blocked, id=3508, stack(0x000000dae0600000,0x000000dae0700000)]
  0x000001e04b8576a0 JavaThread "Incoming local TCP Connector on port 62694" [_thread_in_native, id=4976, stack(0x000000daded00000,0x000000dadee00000)]
  0x000001e04b7cfcd0 JavaThread "Daemon periodic checks" [_thread_blocked, id=3992, stack(0x000000dae0700000,0x000000dae0800000)]
  0x000001e04d9c8070 JavaThread "Daemon" [_thread_blocked, id=2544, stack(0x000000dae0800000,0x000000dae0900000)]
  0x000001e04d9c8550 JavaThread "Handler for socket connection from /127.0.0.1:62694 to /127.0.0.1:62695" [_thread_in_native, id=3556, stack(0x000000dae0900000,0x000000dae0a00000)]
  0x000001e04ca59100 JavaThread "Cancel handler" [_thread_blocked, id=8096, stack(0x000000dae0a00000,0x000000dae0b00000)]
  0x000001e04ca59b20 JavaThread "Daemon worker" [_thread_in_vm, id=1220, stack(0x000000dae0b00000,0x000000dae0c00000)]
  0x000001e04ca581d0 JavaThread "Asynchronous log dispatcher for DefaultDaemonConnection: socket connection from /127.0.0.1:62694 to /127.0.0.1:62695" [_thread_blocked, id=6580, stack(0x000000dae0c00000,0x000000dae0d00000)]
  0x000001e04ca572a0 JavaThread "Stdin handler" [_thread_blocked, id=8120, stack(0x000000dae0d00000,0x000000dae0e00000)]
  0x000001e04ca56880 JavaThread "Daemon client event forwarder" [_thread_blocked, id=10164, stack(0x000000dae0e00000,0x000000dae0f00000)]
  0x000001e04ca56d90 JavaThread "Cache worker for journal cache (C:\Users\ADAM\.gradle\caches\journal-1)" [_thread_blocked, id=3720, stack(0x000000dae0f00000,0x000000dae1000000)]
  0x000001e04ca577b0 JavaThread "File lock request listener" [_thread_in_native, id=10228, stack(0x000000dae1000000,0x000000dae1100000)]
  0x000001e04ca56370 JavaThread "Cache worker for file hash cache (C:\Users\ADAM\.gradle\caches\8.6\fileHashes)" [_thread_blocked, id=244, stack(0x000000dae1100000,0x000000dae1200000)]
  0x000001e04ca57cc0 JavaThread "File watcher server" daemon [_thread_in_native, id=6576, stack(0x000000dadee00000,0x000000dadef00000)]
  0x000001e04ca586e0 JavaThread "File watcher consumer" daemon [_thread_blocked, id=7716, stack(0x000000dadef00000,0x000000dadf000000)]
  0x000001e04ca58bf0 JavaThread "Cache worker for checksums cache (D:\capstone\Pulih\Pulih\.gradle\8.6\checksums)" [_thread_blocked, id=4660, stack(0x000000dae1200000,0x000000dae1300000)]
  0x000001e04c708680 JavaThread "Cache worker for file hash cache (D:\capstone\Pulih\Pulih\.gradle\8.6\fileHashes)" [_thread_blocked, id=9364, stack(0x000000dae1300000,0x000000dae1400000)]
  0x000001e04c708b90 JavaThread "Cache worker for cache directory md-supplier (C:\Users\ADAM\.gradle\caches\8.6\md-supplier)" [_thread_blocked, id=5524, stack(0x000000dae1400000,0x000000dae1500000)]
  0x000001e04c7049c0 JavaThread "Cache worker for cache directory md-rule (C:\Users\ADAM\.gradle\caches\8.6\md-rule)" [_thread_blocked, id=8420, stack(0x000000dae1500000,0x000000dae1600000)]
  0x000001e04c706820 JavaThread "Cache worker for file content cache (C:\Users\ADAM\.gradle\caches\8.6\fileContent)" [_thread_blocked, id=11708, stack(0x000000dae1600000,0x000000dae1700000)]
  0x000001e04c703070 JavaThread "jar transforms" [_thread_blocked, id=588, stack(0x000000dae1700000,0x000000dae1800000)]
  0x000001e04c704ed0 JavaThread "jar transforms Thread 2" [_thread_blocked, id=6800, stack(0x000000dae1800000,0x000000dae1900000)]
  0x000001e04c7053e0 JavaThread "jar transforms Thread 3" [_thread_blocked, id=6776, stack(0x000000dae1a00000,0x000000dae1b00000)]
  0x000001e04c7090a0 JavaThread "jar transforms Thread 4" [_thread_blocked, id=7492, stack(0x000000dae1b00000,0x000000dae1c00000)]
  0x000001e04c7044b0 JavaThread "Cache worker for Build Output Cleanup Cache (D:\capstone\Pulih\Pulih\.gradle\buildOutputCleanup)" [_thread_blocked, id=11356, stack(0x000000dae1900000,0x000000dae1a00000)]
=>0x000001e04c2787f0 JavaThread "C2 CompilerThread1" daemon [_thread_in_native, id=5272, stack(0x000000dae1c00000,0x000000dae1d00000)]

Other Threads:
  0x000001e0466f01b0 VMThread "VM Thread" [stack: 0x000000dadf600000,0x000000dadf700000] [id=11460]
  0x000001e046ad5170 WatcherThread [stack: 0x000000dae0200000,0x000000dae0300000] [id=4736]
  0x000001e02b00df80 GCTaskThread "GC Thread#0" [stack: 0x000000dadf100000,0x000000dadf200000] [id=9720]
  0x000001e04b0f6240 GCTaskThread "GC Thread#1" [stack: 0x000000dae0300000,0x000000dae0400000] [id=2148]
  0x000001e04b0f6500 GCTaskThread "GC Thread#2" [stack: 0x000000dae0400000,0x000000dae0500000] [id=12224]
  0x000001e04bac93b0 GCTaskThread "GC Thread#3" [stack: 0x000000dae0500000,0x000000dae0600000] [id=9416]
  0x000001e02d176000 ConcurrentGCThread "G1 Main Marker" [stack: 0x000000dadf200000,0x000000dadf300000] [id=8648]
  0x000001e02d176830 ConcurrentGCThread "G1 Conc#0" [stack: 0x000000dadf300000,0x000000dadf400000] [id=9032]
  0x000001e0465434d0 ConcurrentGCThread "G1 Refine#0" [stack: 0x000000dadf400000,0x000000dadf500000] [id=1644]
  0x000001e02d1b78d0 ConcurrentGCThread "G1 Service" [stack: 0x000000dadf500000,0x000000dadf600000] [id=11228]

Threads with active compile tasks:
C1 CompilerThread0    77980 5357   !   3       com.google.common.cache.LocalCache$Segment::get (210 bytes)
C2 CompilerThread1    77980 5176       4       java.lang.String::split (327 bytes)

VM state: not at safepoint (normal execution)

VM Mutex/Monitor currently owned by a thread: None

Heap address: 0x0000000080000000, size: 2048 MB, Compressed Oops mode: 32-bit

CDS archive(s) not mapped
Compressed class space mapped at: 0x0000000100000000-0x0000000140000000, reserved size: 1073741824
Narrow klass base: 0x0000000000000000, Narrow klass shift: 3, Narrow klass range: 0x140000000

GC Precious Log:
 CPUs: 4 total, 4 available
 Memory: 8095M
 Large Page Support: Disabled
 NUMA Support: Disabled
 Compressed Oops: Enabled (32-bit)
 Heap Region Size: 1M
 Heap Min Capacity: 8M
 Heap Initial Capacity: 128M
 Heap Max Capacity: 2G
 Pre-touch: Disabled
 Parallel Workers: 4
 Concurrent Workers: 1
 Concurrent Refinement Workers: 4
 Periodic GC: Disabled

Heap:
 garbage-first heap   total 71680K, used 59368K [0x0000000080000000, 0x0000000100000000)
  region size 1024K, 26 young (26624K), 3 survivors (3072K)
 Metaspace       used 55711K, committed 56320K, reserved 1114112K
  class space    used 7653K, committed 7936K, reserved 1048576K

Heap Regions: E=young(eden), S=young(survivor), O=old, HS=humongous(starts), HC=humongous(continues), CS=collection set, F=free, OA=open archive, CA=closed archive, TAMS=top-at-mark-start (previous, next)
|   0|0x0000000080000000, 0x0000000080100000, 0x0000000080100000|100%| O|  |TAMS 0x0000000080100000, 0x0000000080000000| Untracked 
|   1|0x0000000080100000, 0x0000000080200000, 0x0000000080200000|100%| O|  |TAMS 0x0000000080200000, 0x0000000080100000| Untracked 
|   2|0x0000000080200000, 0x0000000080300000, 0x0000000080300000|100%|HS|  |TAMS 0x0000000080300000, 0x0000000080200000| Complete 
|   3|0x0000000080300000, 0x0000000080400000, 0x0000000080400000|100%|HC|  |TAMS 0x0000000080400000, 0x0000000080300000| Complete 
|   4|0x0000000080400000, 0x0000000080500000, 0x0000000080500000|100%|HC|  |TAMS 0x0000000080500000, 0x0000000080400000| Complete 
|   5|0x0000000080500000, 0x0000000080600000, 0x0000000080600000|100%|HC|  |TAMS 0x0000000080600000, 0x0000000080500000| Complete 
|   6|0x0000000080600000, 0x0000000080700000, 0x0000000080700000|100%| O|  |TAMS 0x0000000080700000, 0x0000000080600000| Untracked 
|   7|0x0000000080700000, 0x0000000080800000, 0x0000000080800000|100%| O|  |TAMS 0x0000000080800000, 0x0000000080700000| Untracked 
|   8|0x0000000080800000, 0x0000000080900000, 0x0000000080900000|100%| O|  |TAMS 0x0000000080900000, 0x0000000080800000| Untracked 
|   9|0x0000000080900000, 0x0000000080a00000, 0x0000000080a00000|100%| O|  |TAMS 0x0000000080a00000, 0x0000000080900000| Untracked 
|  10|0x0000000080a00000, 0x0000000080b00000, 0x0000000080b00000|100%| O|  |TAMS 0x0000000080b00000, 0x0000000080a00000| Untracked 
|  11|0x0000000080b00000, 0x0000000080c00000, 0x0000000080c00000|100%| O|  |TAMS 0x0000000080c00000, 0x0000000080b00000| Untracked 
|  12|0x0000000080c00000, 0x0000000080d00000, 0x0000000080d00000|100%| O|  |TAMS 0x0000000080d00000, 0x0000000080c00000| Untracked 
|  13|0x0000000080d00000, 0x0000000080e00000, 0x0000000080e00000|100%| O|  |TAMS 0x0000000080e00000, 0x0000000080d00000| Untracked 
|  14|0x0000000080e00000, 0x0000000080f00000, 0x0000000080f00000|100%| O|  |TAMS 0x0000000080f00000, 0x0000000080e00000| Untracked 
|  15|0x0000000080f00000, 0x0000000081000000, 0x0000000081000000|100%| O|  |TAMS 0x0000000081000000, 0x0000000080f00000| Untracked 
|  16|0x0000000081000000, 0x0000000081100000, 0x0000000081100000|100%| O|  |TAMS 0x0000000081100000, 0x0000000081000000| Untracked 
|  17|0x0000000081100000, 0x0000000081200000, 0x0000000081200000|100%| O|  |TAMS 0x0000000081200000, 0x0000000081100000| Untracked 
|  18|0x0000000081200000, 0x0000000081300000, 0x0000000081300000|100%| O|  |TAMS 0x0000000081300000, 0x0000000081200000| Untracked 
|  19|0x0000000081300000, 0x0000000081400000, 0x0000000081400000|100%| O|  |TAMS 0x0000000081400000, 0x0000000081300000| Untracked 
|  20|0x0000000081400000, 0x0000000081500000, 0x0000000081500000|100%| O|  |TAMS 0x0000000081500000, 0x0000000081400000| Untracked 
|  21|0x0000000081500000, 0x0000000081600000, 0x0000000081600000|100%| O|  |TAMS 0x0000000081600000, 0x0000000081500000| Untracked 
|  22|0x0000000081600000, 0x0000000081700000, 0x0000000081700000|100%| O|  |TAMS 0x0000000081700000, 0x0000000081600000| Untracked 
|  23|0x0000000081700000, 0x0000000081800000, 0x0000000081800000|100%| O|  |TAMS 0x0000000081800000, 0x0000000081700000| Untracked 
|  24|0x0000000081800000, 0x0000000081900000, 0x0000000081900000|100%| O|  |TAMS 0x0000000081900000, 0x0000000081800000| Untracked 
|  25|0x0000000081900000, 0x0000000081a00000, 0x0000000081a00000|100%| O|  |TAMS 0x0000000081a00000, 0x0000000081900000| Untracked 
|  26|0x0000000081a00000, 0x0000000081b00000, 0x0000000081b00000|100%| O|  |TAMS 0x0000000081b00000, 0x0000000081a00000| Untracked 
|  27|0x0000000081b00000, 0x0000000081c00000, 0x0000000081c00000|100%| O|  |TAMS 0x0000000081c00000, 0x0000000081b00000| Untracked 
|  28|0x0000000081c00000, 0x0000000081d00000, 0x0000000081d00000|100%| O|  |TAMS 0x0000000081d00000, 0x0000000081c00000| Untracked 
|  29|0x0000000081d00000, 0x0000000081e00000, 0x0000000081e00000|100%| O|  |TAMS 0x0000000081e00000, 0x0000000081d00000| Untracked 
|  30|0x0000000081e00000, 0x0000000081f00000, 0x0000000081f00000|100%| O|  |TAMS 0x0000000081ea7e00, 0x0000000081e00000| Untracked 
|  31|0x0000000081f00000, 0x0000000081fc2800, 0x0000000082000000| 75%| O|  |TAMS 0x0000000081f00000, 0x0000000081f00000| Untracked 
|  32|0x0000000082000000, 0x0000000082100000, 0x0000000082100000|100%|HS|  |TAMS 0x0000000082000000, 0x0000000082000000| Complete 
|  33|0x0000000082100000, 0x0000000082200000, 0x0000000082200000|100%|HS|  |TAMS 0x0000000082100000, 0x0000000082100000| Complete 
|  34|0x0000000082200000, 0x0000000082200000, 0x0000000082300000|  0%| F|  |TAMS 0x0000000082200000, 0x0000000082200000| Untracked 
|  35|0x0000000082300000, 0x0000000082300000, 0x0000000082400000|  0%| F|  |TAMS 0x0000000082300000, 0x0000000082300000| Untracked 
|  36|0x0000000082400000, 0x0000000082400000, 0x0000000082500000|  0%| F|  |TAMS 0x0000000082400000, 0x0000000082400000| Untracked 
|  37|0x0000000082500000, 0x0000000082500000, 0x0000000082600000|  0%| F|  |TAMS 0x0000000082500000, 0x0000000082500000| Untracked 
|  38|0x0000000082600000, 0x0000000082600000, 0x0000000082700000|  0%| F|  |TAMS 0x0000000082600000, 0x0000000082600000| Untracked 
|  39|0x0000000082700000, 0x0000000082700000, 0x0000000082800000|  0%| F|  |TAMS 0x0000000082700000, 0x0000000082700000| Untracked 
|  40|0x0000000082800000, 0x0000000082800000, 0x0000000082900000|  0%| F|  |TAMS 0x0000000082800000, 0x0000000082800000| Untracked 
|  41|0x0000000082900000, 0x0000000082900000, 0x0000000082a00000|  0%| F|  |TAMS 0x0000000082900000, 0x0000000082900000| Untracked 
|  42|0x0000000082a00000, 0x0000000082a00000, 0x0000000082b00000|  0%| F|  |TAMS 0x0000000082a00000, 0x0000000082a00000| Untracked 
|  43|0x0000000082b00000, 0x0000000082b00000, 0x0000000082c00000|  0%| F|  |TAMS 0x0000000082b00000, 0x0000000082b00000| Untracked 
|  44|0x0000000082c00000, 0x0000000082d00000, 0x0000000082d00000|100%| E|  |TAMS 0x0000000082c00000, 0x0000000082c00000| Complete 
|  45|0x0000000082d00000, 0x0000000082e00000, 0x0000000082e00000|100%| E|CS|TAMS 0x0000000082d00000, 0x0000000082d00000| Complete 
|  46|0x0000000082e00000, 0x0000000082f00000, 0x0000000082f00000|100%| E|CS|TAMS 0x0000000082e00000, 0x0000000082e00000| Complete 
|  47|0x0000000082f00000, 0x0000000083000000, 0x0000000083000000|100%| E|CS|TAMS 0x0000000082f00000, 0x0000000082f00000| Complete 
|  48|0x0000000083000000, 0x0000000083100000, 0x0000000083100000|100%| E|CS|TAMS 0x0000000083000000, 0x0000000083000000| Complete 
|  49|0x0000000083100000, 0x0000000083200000, 0x0000000083200000|100%| E|CS|TAMS 0x0000000083100000, 0x0000000083100000| Complete 
|  50|0x0000000083200000, 0x0000000083300000, 0x0000000083300000|100%| E|CS|TAMS 0x0000000083200000, 0x0000000083200000| Complete 
|  51|0x0000000083300000, 0x0000000083400000, 0x0000000083400000|100%| E|CS|TAMS 0x0000000083300000, 0x0000000083300000| Complete 
|  52|0x0000000083400000, 0x0000000083500000, 0x0000000083500000|100%| E|CS|TAMS 0x0000000083400000, 0x0000000083400000| Complete 
|  53|0x0000000083500000, 0x0000000083600000, 0x0000000083600000|100%| E|CS|TAMS 0x0000000083500000, 0x0000000083500000| Complete 
|  54|0x0000000083600000, 0x0000000083700000, 0x0000000083700000|100%| E|CS|TAMS 0x0000000083600000, 0x0000000083600000| Complete 
|  55|0x0000000083700000, 0x0000000083800000, 0x0000000083800000|100%| E|CS|TAMS 0x0000000083700000, 0x0000000083700000| Complete 
|  56|0x0000000083800000, 0x0000000083900000, 0x0000000083900000|100%| E|CS|TAMS 0x0000000083800000, 0x0000000083800000| Complete 
|  57|0x0000000083900000, 0x0000000083a00000, 0x0000000083a00000|100%| E|CS|TAMS 0x0000000083900000, 0x0000000083900000| Complete 
|  58|0x0000000083a00000, 0x0000000083b00000, 0x0000000083b00000|100%| E|CS|TAMS 0x0000000083a00000, 0x0000000083a00000| Complete 
|  59|0x0000000083b00000, 0x0000000083c00000, 0x0000000083c00000|100%| E|CS|TAMS 0x0000000083b00000, 0x0000000083b00000| Complete 
|  70|0x0000000084600000, 0x0000000084700000, 0x0000000084700000|100%| E|CS|TAMS 0x0000000084600000, 0x0000000084600000| Complete 
|  71|0x0000000084700000, 0x0000000084737bf0, 0x0000000084800000| 21%| S|CS|TAMS 0x0000000084700000, 0x0000000084700000| Complete 
|  72|0x0000000084800000, 0x0000000084900000, 0x0000000084900000|100%| S|CS|TAMS 0x0000000084800000, 0x0000000084800000| Complete 
|  73|0x0000000084900000, 0x0000000084a00000, 0x0000000084a00000|100%| S|CS|TAMS 0x0000000084900000, 0x0000000084900000| Complete 
|  74|0x0000000084a00000, 0x0000000084b00000, 0x0000000084b00000|100%| E|CS|TAMS 0x0000000084a00000, 0x0000000084a00000| Complete 
|  75|0x0000000084b00000, 0x0000000084c00000, 0x0000000084c00000|100%| E|CS|TAMS 0x0000000084b00000, 0x0000000084b00000| Complete 
|  76|0x0000000084c00000, 0x0000000084d00000, 0x0000000084d00000|100%| E|CS|TAMS 0x0000000084c00000, 0x0000000084c00000| Complete 
|  77|0x0000000084d00000, 0x0000000084e00000, 0x0000000084e00000|100%| E|CS|TAMS 0x0000000084d00000, 0x0000000084d00000| Complete 
|  78|0x0000000084e00000, 0x0000000084f00000, 0x0000000084f00000|100%| E|CS|TAMS 0x0000000084e00000, 0x0000000084e00000| Complete 
| 127|0x0000000087f00000, 0x0000000088000000, 0x0000000088000000|100%| E|CS|TAMS 0x0000000087f00000, 0x0000000087f00000| Complete 

Card table byte_map: [0x000001e03f9e0000,0x000001e03fde0000] _byte_map_base: 0x000001e03f5e0000

Marking Bits (Prev, Next): (CMBitMap*) 0x000001e02b00e4f0, (CMBitMap*) 0x000001e02b00e4b0
 Prev Bits: [0x000001e0421e0000, 0x000001e0441e0000)
 Next Bits: [0x000001e0401e0000, 0x000001e0421e0000)

Polling page: 0x000001e02b050000

Metaspace:

Usage:
  Non-class:     46.93 MB used.
      Class:      7.47 MB used.
       Both:     54.41 MB used.

Virtual space:
  Non-class space:       64.00 MB reserved,      47.25 MB ( 74%) committed,  1 nodes.
      Class space:        1.00 GB reserved,       7.75 MB ( <1%) committed,  1 nodes.
             Both:        1.06 GB reserved,      55.00 MB (  5%) committed. 

Chunk freelists:
   Non-Class:  15.92 MB
       Class:  8.30 MB
        Both:  24.22 MB

MaxMetaspaceSize: unlimited
CompressedClassSpaceSize: 1.00 GB
Initial GC threshold: 21.00 MB
Current GC threshold: 87.44 MB
CDS: off
MetaspaceReclaimPolicy: balanced
 - commit_granule_bytes: 65536.
 - commit_granule_words: 8192.
 - virtual_space_node_default_size: 8388608.
 - enlarge_chunks_in_place: 1.
 - new_chunks_are_fully_committed: 0.
 - uncommit_free_chunks: 1.
 - use_allocation_guard: 0.
 - handle_deallocations: 1.


Internal statistics:

num_allocs_failed_limit: 6.
num_arena_births: 608.
num_arena_deaths: 0.
num_vsnodes_births: 2.
num_vsnodes_deaths: 0.
num_space_committed: 880.
num_space_uncommitted: 0.
num_chunks_returned_to_freelist: 6.
num_chunks_taken_from_freelist: 2467.
num_chunk_merges: 6.
num_chunk_splits: 1609.
num_chunks_enlarged: 1090.
num_inconsistent_stats: 0.

CodeHeap 'non-profiled nmethods': size=120000Kb used=2565Kb max_used=3067Kb free=117434Kb
 bounds [0x000001e0380b0000, 0x000001e0383b0000, 0x000001e03f5e0000]
CodeHeap 'profiled nmethods': size=120000Kb used=8955Kb max_used=9806Kb free=111044Kb
 bounds [0x000001e0305e0000, 0x000001e030f90000, 0x000001e037b10000]
CodeHeap 'non-nmethods': size=5760Kb used=1624Kb max_used=1654Kb free=4135Kb
 bounds [0x000001e037b10000, 0x000001e037d80000, 0x000001e0380b0000]
 total_blobs=5302 nmethods=4603 adapters=611
 compilation: enabled
              stopped_count=0, restarted_count=0
 full_count=0

Compilation events (20 events):
Event: 77.900 Thread 0x000001e04687f690 nmethod 5322 0x000001e0307ff310 code [0x000001e0307ff4c0, 0x000001e0307ff6c8]
Event: 77.900 Thread 0x000001e04687f690 5323       3       org.gradle.internal.snapshot.impl.StringValueSnapshot::getValue (5 bytes)
Event: 77.900 Thread 0x000001e04687f690 nmethod 5323 0x000001e030d62d10 code [0x000001e030d62ea0, 0x000001e030d62fb8]
Event: 77.901 Thread 0x000001e04687f690 5324       3       com.google.common.collect.IndexedImmutableSet::iterator (8 bytes)
Event: 77.901 Thread 0x000001e04687f690 nmethod 5324 0x000001e030bf1990 code [0x000001e030bf1b80, 0x000001e030bf2288]
Event: 77.902 Thread 0x000001e04687f690 5325       3       com.google.common.collect.ImmutableSet$RegularSetBuilderImpl::review (86 bytes)
Event: 77.902 Thread 0x000001e04687f690 nmethod 5325 0x000001e030bf0f90 code [0x000001e030bf11c0, 0x000001e030bf1688]
Event: 77.902 Thread 0x000001e04687f690 5326       3       com.google.common.collect.ImmutableSet$RegularSetBuilderImpl::build (110 bytes)
Event: 77.904 Thread 0x000001e04687f690 nmethod 5326 0x000001e03073c810 code [0x000001e03073cac0, 0x000001e03073d8d8]
Event: 77.905 Thread 0x000001e04687f690 5327       3       org.gradle.api.internal.attributes.AbstractAttributeContainer::<init> (5 bytes)
Event: 77.905 Thread 0x000001e04687f690 nmethod 5327 0x000001e030ebba90 code [0x000001e030ebbc20, 0x000001e030ebbd78]
Event: 77.905 Thread 0x000001e04687f690 5328       3       com.google.common.collect.IndexedImmutableSet::iterator (5 bytes)
Event: 77.906 Thread 0x000001e04687f690 nmethod 5328 0x000001e030a99e10 code [0x000001e030a9a000, 0x000001e030a9a7e8]
Event: 77.907 Thread 0x000001e04687f690 5329       3       com.google.common.collect.AbstractIterator::next (37 bytes)
Event: 77.907 Thread 0x000001e04687f690 nmethod 5329 0x000001e03073c190 code [0x000001e03073c360, 0x000001e03073c6b8]
Event: 77.907 Thread 0x000001e04687f690 5330       1       java.util.Collections$EmptyMap::containsKey (2 bytes)
Event: 77.908 Thread 0x000001e04687f690 nmethod 5330 0x000001e0380eb410 code [0x000001e0380eb5a0, 0x000001e0380eb678]
Event: 77.908 Thread 0x000001e04686f550 5331       4       org.gradle.internal.Cast::uncheckedNonnullCast (2 bytes)
Event: 77.908 Thread 0x000001e04686f550 nmethod 5331 0x000001e0380eb110 code [0x000001e0380eb280, 0x000001e0380eb2d8]
Event: 77.909 Thread 0x000001e04686f550 5332       4       java.util.HashMap::computeIfAbsent (330 bytes)

GC Heap History (20 events):
Event: 60.622 GC heap before
{Heap before GC invocations=7 (full 0):
 garbage-first heap   total 71680K, used 51634K [0x0000000080000000, 0x0000000100000000)
  region size 1024K, 31 young (31744K), 1 survivors (1024K)
 Metaspace       used 30923K, committed 31232K, reserved 1114112K
  class space    used 4110K, committed 4224K, reserved 1048576K
}
Event: 60.628 GC heap after
{Heap after GC invocations=8 (full 0):
 garbage-first heap   total 71680K, used 22371K [0x0000000080000000, 0x0000000100000000)
  region size 1024K, 2 young (2048K), 2 survivors (2048K)
 Metaspace       used 30923K, committed 31232K, reserved 1114112K
  class space    used 4110K, committed 4224K, reserved 1048576K
}
Event: 62.922 GC heap before
{Heap before GC invocations=8 (full 0):
 garbage-first heap   total 71680K, used 53091K [0x0000000080000000, 0x0000000100000000)
  region size 1024K, 33 young (33792K), 2 survivors (2048K)
 Metaspace       used 35024K, committed 35328K, reserved 1114112K
  class space    used 4778K, committed 4928K, reserved 1048576K
}
Event: 62.930 GC heap after
{Heap after GC invocations=9 (full 0):
 garbage-first heap   total 71680K, used 23791K [0x0000000080000000, 0x0000000100000000)
  region size 1024K, 4 young (4096K), 4 survivors (4096K)
 Metaspace       used 35024K, committed 35328K, reserved 1114112K
  class space    used 4778K, committed 4928K, reserved 1048576K
}
Event: 63.162 GC heap before
{Heap before GC invocations=9 (full 0):
 garbage-first heap   total 71680K, used 26863K [0x0000000080000000, 0x0000000100000000)
  region size 1024K, 8 young (8192K), 4 survivors (4096K)
 Metaspace       used 35711K, committed 35968K, reserved 1114112K
  class space    used 4867K, committed 4992K, reserved 1048576K
}
Event: 63.170 GC heap after
{Heap after GC invocations=10 (full 0):
 garbage-first heap   total 71680K, used 23958K [0x0000000080000000, 0x0000000100000000)
  region size 1024K, 2 young (2048K), 2 survivors (2048K)
 Metaspace       used 35711K, committed 35968K, reserved 1114112K
  class space    used 4867K, committed 4992K, reserved 1048576K
}
Event: 64.946 GC heap before
{Heap before GC invocations=11 (full 0):
 garbage-first heap   total 71680K, used 55702K [0x0000000080000000, 0x0000000100000000)
  region size 1024K, 34 young (34816K), 2 survivors (2048K)
 Metaspace       used 41034K, committed 41344K, reserved 1114112K
  class space    used 5427K, committed 5568K, reserved 1048576K
}
Event: 64.957 GC heap after
{Heap after GC invocations=12 (full 0):
 garbage-first heap   total 71680K, used 28120K [0x0000000080000000, 0x0000000100000000)
  region size 1024K, 5 young (5120K), 5 survivors (5120K)
 Metaspace       used 41034K, committed 41344K, reserved 1114112K
  class space    used 5427K, committed 5568K, reserved 1048576K
}
Event: 64.963 GC heap before
{Heap before GC invocations=12 (full 0):
 garbage-first heap   total 71680K, used 29144K [0x0000000080000000, 0x0000000100000000)
  region size 1024K, 6 young (6144K), 5 survivors (5120K)
 Metaspace       used 41035K, committed 41344K, reserved 1114112K
  class space    used 5427K, committed 5568K, reserved 1048576K
}
Event: 64.974 GC heap after
{Heap after GC invocations=13 (full 0):
 garbage-first heap   total 71680K, used 28604K [0x0000000080000000, 0x0000000100000000)
  region size 1024K, 1 young (1024K), 1 survivors (1024K)
 Metaspace       used 41035K, committed 41344K, reserved 1114112K
  class space    used 5427K, committed 5568K, reserved 1048576K
}
Event: 65.657 GC heap before
{Heap before GC invocations=13 (full 0):
 garbage-first heap   total 71680K, used 54204K [0x0000000080000000, 0x0000000100000000)
  region size 1024K, 27 young (27648K), 1 survivors (1024K)
 Metaspace       used 42552K, committed 42944K, reserved 1114112K
  class space    used 5655K, committed 5824K, reserved 1048576K
}
Event: 65.661 GC heap after
{Heap after GC invocations=14 (full 0):
 garbage-first heap   total 71680K, used 29275K [0x0000000080000000, 0x0000000100000000)
  region size 1024K, 2 young (2048K), 2 survivors (2048K)
 Metaspace       used 42552K, committed 42944K, reserved 1114112K
  class space    used 5655K, committed 5824K, reserved 1048576K
}
Event: 67.580 GC heap before
{Heap before GC invocations=14 (full 0):
 garbage-first heap   total 71680K, used 54875K [0x0000000080000000, 0x0000000100000000)
  region size 1024K, 28 young (28672K), 2 survivors (2048K)
 Metaspace       used 45803K, committed 46208K, reserved 1114112K
  class space    used 6211K, committed 6400K, reserved 1048576K
}
Event: 67.588 GC heap after
{Heap after GC invocations=15 (full 0):
 garbage-first heap   total 71680K, used 31608K [0x0000000080000000, 0x0000000100000000)
  region size 1024K, 4 young (4096K), 4 survivors (4096K)
 Metaspace       used 45803K, committed 46208K, reserved 1114112K
  class space    used 6211K, committed 6400K, reserved 1048576K
}
Event: 69.182 GC heap before
{Heap before GC invocations=15 (full 0):
 garbage-first heap   total 71680K, used 56184K [0x0000000080000000, 0x0000000100000000)
  region size 1024K, 28 young (28672K), 4 survivors (4096K)
 Metaspace       used 49102K, committed 49536K, reserved 1114112K
  class space    used 6727K, committed 6912K, reserved 1048576K
}
Event: 69.192 GC heap after
{Heap after GC invocations=16 (full 0):
 garbage-first heap   total 71680K, used 32852K [0x0000000080000000, 0x0000000100000000)
  region size 1024K, 2 young (2048K), 2 survivors (2048K)
 Metaspace       used 49102K, committed 49536K, reserved 1114112K
  class space    used 6727K, committed 6912K, reserved 1048576K
}
Event: 72.545 GC heap before
{Heap before GC invocations=16 (full 0):
 garbage-first heap   total 71680K, used 56404K [0x0000000080000000, 0x0000000100000000)
  region size 1024K, 26 young (26624K), 2 survivors (2048K)
 Metaspace       used 51944K, committed 52352K, reserved 1114112K
  class space    used 7190K, committed 7360K, reserved 1048576K
}
Event: 72.551 GC heap after
{Heap after GC invocations=17 (full 0):
 garbage-first heap   total 71680K, used 33976K [0x0000000080000000, 0x0000000100000000)
  region size 1024K, 3 young (3072K), 3 survivors (3072K)
 Metaspace       used 51944K, committed 52352K, reserved 1114112K
  class space    used 7190K, committed 7360K, reserved 1048576K
}
Event: 72.984 GC heap before
{Heap before GC invocations=17 (full 0):
 garbage-first heap   total 71680K, used 39096K [0x0000000080000000, 0x0000000100000000)
  region size 1024K, 9 young (9216K), 3 survivors (3072K)
 Metaspace       used 52551K, committed 52992K, reserved 1114112K
  class space    used 7280K, committed 7488K, reserved 1048576K
}
Event: 72.990 GC heap after
{Heap after GC invocations=18 (full 0):
 garbage-first heap   total 71680K, used 34792K [0x0000000080000000, 0x0000000100000000)
  region size 1024K, 3 young (3072K), 3 survivors (3072K)
 Metaspace       used 52551K, committed 52992K, reserved 1114112K
  class space    used 7280K, committed 7488K, reserved 1048576K
}

Dll operation events (3 events):
Event: 1.598 Loaded shared library C:\Program Files\Android\Android Studio1\jbr\bin\java.dll
Event: 1.922 Loaded shared library C:\Program Files\Android\Android Studio1\jbr\bin\zip.dll
Event: 4.390 Loaded shared library C:\Program Files\Android\Android Studio1\jbr\bin\verify.dll

Deoptimization events (20 events):
Event: 77.265 Thread 0x000001e04ca59b20 Uncommon trap: trap_request=0xffffffc6 fr.pc=0x000001e0382ed014 relative=0x0000000000000614
Event: 77.265 Thread 0x000001e04ca59b20 Uncommon trap: reason=bimorphic_or_optimized_type_check action=maybe_recompile pc=0x000001e0382ed014 method=java.util.regex.Pattern$Slice.match(Ljava/util/regex/Matcher;ILjava/lang/CharSequence;)Z @ 75 c2
Event: 77.265 Thread 0x000001e04ca59b20 DEOPT PACKING pc=0x000001e0382ed014 sp=0x000000dae0bf7450
Event: 77.265 Thread 0x000001e04ca59b20 DEOPT UNPACKING pc=0x000001e037b669a3 sp=0x000000dae0bf7368 mode 2
Event: 77.538 Thread 0x000001e04ca59b20 Uncommon trap: trap_request=0xffffffc6 fr.pc=0x000001e0382ed014 relative=0x0000000000000614
Event: 77.538 Thread 0x000001e04ca59b20 Uncommon trap: reason=bimorphic_or_optimized_type_check action=maybe_recompile pc=0x000001e0382ed014 method=java.util.regex.Pattern$Slice.match(Ljava/util/regex/Matcher;ILjava/lang/CharSequence;)Z @ 75 c2
Event: 77.538 Thread 0x000001e04ca59b20 DEOPT PACKING pc=0x000001e0382ed014 sp=0x000000dae0bf7cc0
Event: 77.539 Thread 0x000001e04ca59b20 DEOPT UNPACKING pc=0x000001e037b669a3 sp=0x000000dae0bf7bd8 mode 2
Event: 77.545 Thread 0x000001e04ca59b20 Uncommon trap: trap_request=0xffffffc6 fr.pc=0x000001e0382ed014 relative=0x0000000000000614
Event: 77.545 Thread 0x000001e04ca59b20 Uncommon trap: reason=bimorphic_or_optimized_type_check action=maybe_recompile pc=0x000001e0382ed014 method=java.util.regex.Pattern$Slice.match(Ljava/util/regex/Matcher;ILjava/lang/CharSequence;)Z @ 75 c2
Event: 77.545 Thread 0x000001e04ca59b20 DEOPT PACKING pc=0x000001e0382ed014 sp=0x000000dae0bf7450
Event: 77.545 Thread 0x000001e04ca59b20 DEOPT UNPACKING pc=0x000001e037b669a3 sp=0x000000dae0bf7368 mode 2
Event: 77.575 Thread 0x000001e04ca59b20 Uncommon trap: trap_request=0xffffffbe fr.pc=0x000001e0380f6dac relative=0x00000000000006ec
Event: 77.575 Thread 0x000001e04ca59b20 Uncommon trap: reason=profile_predicate action=maybe_recompile pc=0x000001e0380f6dac method=java.lang.PublicMethods$MethodList.filter([Ljava/lang/reflect/Method;Ljava/lang/String;[Ljava/lang/Class;Z)Ljava/lang/PublicMethods$MethodList; @ 21 c2
Event: 77.575 Thread 0x000001e04ca59b20 DEOPT PACKING pc=0x000001e0380f6dac sp=0x000000dae0bf5de0
Event: 77.575 Thread 0x000001e04ca59b20 DEOPT UNPACKING pc=0x000001e037b669a3 sp=0x000000dae0bf5d98 mode 2
Event: 77.575 Thread 0x000001e04ca59b20 Uncommon trap: trap_request=0xffffffbe fr.pc=0x000001e0380f6dac relative=0x00000000000006ec
Event: 77.575 Thread 0x000001e04ca59b20 Uncommon trap: reason=profile_predicate action=maybe_recompile pc=0x000001e0380f6dac method=java.lang.PublicMethods$MethodList.filter([Ljava/lang/reflect/Method;Ljava/lang/String;[Ljava/lang/Class;Z)Ljava/lang/PublicMethods$MethodList; @ 21 c2
Event: 77.575 Thread 0x000001e04ca59b20 DEOPT PACKING pc=0x000001e0380f6dac sp=0x000000dae0bf5de0
Event: 77.576 Thread 0x000001e04ca59b20 DEOPT UNPACKING pc=0x000001e037b669a3 sp=0x000000dae0bf5d98 mode 2

Classes unloaded (0 events):
No events

Classes redefined (0 events):
No events

Internal exceptions (20 events):
Event: 72.566 Thread 0x000001e04ca59b20 Implicit null exception at 0x000001e03839b977 to 0x000001e03839bd04
Event: 73.160 Thread 0x000001e04ca59b20 Exception <a 'java/lang/NoSuchMethodError'{0x0000000084d98808}: 'java.lang.Object java.lang.invoke.DirectMethodHandle$Holder.invokeSpecial(java.lang.Object, java.lang.Object, java.lang.Object, java.lang.Object, java.lang.Object, java.lang.Object, java.lang.Object, java.lang.Object, java.lang.Object, java.lang.Object, java.lang.Object, java.lang.Object, java.lang.Object, java.lang.Object, java.lang.Object, java.lang.Object, java.lang.Object, java.lang.Object, java.lang.Object, java.lang.Object, java.lang.Ob
Event: 73.161 Thread 0x000001e04ca59b20 Exception <a 'java/lang/NoSuchMethodError'{0x0000000084d9e918}: 'java.lang.Object java.lang.invoke.DelegatingMethodHandle$Holder.reinvoke_L(java.lang.Object, java.lang.Object, java.lang.Object, java.lang.Object, java.lang.Object, java.lang.Object, java.lang.Object, java.lang.Object, java.lang.Object, java.lang.Object, java.lang.Object, java.lang.Object, java.lang.Object, java.lang.Object, java.lang.Object, java.lang.Object, java.lang.Object, java.lang.Object, java.lang.Object, java.lang.Object, java.lang.O
Event: 73.166 Thread 0x000001e04ca59b20 Exception <a 'java/lang/NoSuchMethodError'{0x0000000084daa030}: 'java.lang.Object java.lang.invoke.Invokers$Holder.invoker(java.lang.Object, java.lang.Object, java.lang.Object, java.lang.Object, java.lang.Object, java.lang.Object, java.lang.Object, java.lang.Object, java.lang.Object, java.lang.Object, java.lang.Object, java.lang.Object, java.lang.Object, java.lang.Object, java.lang.Object, java.lang.Object, java.lang.Object, java.lang.Object, java.lang.Object, java.lang.Object, java.lang.Object, java.lang.
Event: 73.167 Thread 0x000001e04ca59b20 Exception <a 'java/lang/NoSuchMethodError'{0x0000000084db0a90}: 'java.lang.Object java.lang.invoke.DelegatingMethodHandle$Holder.delegate(java.lang.Object, java.lang.Object, java.lang.Object, java.lang.Object, java.lang.Object, java.lang.Object, java.lang.Object, java.lang.Object, java.lang.Object, java.lang.Object, java.lang.Object, java.lang.Object, java.lang.Object, java.lang.Object, java.lang.Object, java.lang.Object, java.lang.Object, java.lang.Object, java.lang.Object, java.lang.Object, java.lang.Obj
Event: 73.221 Thread 0x000001e04ca59b20 Exception <a 'java/lang/NoSuchMethodError'{0x0000000084c78478}: 'java.lang.Object java.lang.invoke.DirectMethodHandle$Holder.invokeStatic(java.lang.Object, java.lang.Object, java.lang.Object, java.lang.Object, java.lang.Object, java.lang.Object, java.lang.Object, java.lang.Object, java.lang.Object, java.lang.Object, java.lang.Object, java.lang.Object, java.lang.Object, java.lang.Object, java.lang.Object, java.lang.Object, java.lang.Object, java.lang.Object, java.lang.Object, java.lang.Object, java.lang.Obj
Event: 76.532 Thread 0x000001e04ca59b20 Exception <a 'java/lang/NoSuchMethodError'{0x00000000838499d0}: static Lorg/gradle/api/internal/catalog/DefaultVersionCatalog;.<clinit>()V> (0x00000000838499d0) 
thrown [s\src\hotspot\share\prims\jni.cpp, line 1108]
Event: 76.543 Thread 0x000001e04ca59b20 Exception <a 'java/lang/NoSuchMethodError'{0x0000000083898190}: static [Ljava/lang/Object;.<clinit>()V> (0x0000000083898190) 
thrown [s\src\hotspot\share\prims\jni.cpp, line 1108]
Event: 76.548 Thread 0x000001e04ca59b20 Exception <a 'java/lang/NoSuchMethodError'{0x00000000838bd480}: static Lorg/gradle/api/internal/catalog/DependencyModel;.<clinit>()V> (0x00000000838bd480) 
thrown [s\src\hotspot\share\prims\jni.cpp, line 1108]
Event: 76.549 Thread 0x000001e04ca59b20 Exception <a 'java/lang/NoSuchMethodError'{0x00000000838c0d18}: static Lorg/gradle/api/internal/catalog/AbstractContextAwareModel;.<clinit>()V> (0x00000000838c0d18) 
thrown [s\src\hotspot\share\prims\jni.cpp, line 1108]
Event: 76.551 Thread 0x000001e04ca59b20 Exception <a 'java/lang/NoSuchMethodError'{0x00000000838d8bf0}: static Lorg/gradle/api/internal/artifacts/dependencies/AbstractVersionConstraint;.<clinit>()V> (0x00000000838d8bf0) 
thrown [s\src\hotspot\share\prims\jni.cpp, line 1108]
Event: 76.582 Thread 0x000001e04ca59b20 Exception <a 'java/lang/NoSuchMethodError'{0x0000000083735828}: static Lorg/gradle/api/internal/catalog/PluginModel;.<clinit>()V> (0x0000000083735828) 
thrown [s\src\hotspot\share\prims\jni.cpp, line 1108]
Event: 76.585 Thread 0x000001e04ca59b20 Exception <a 'java/lang/NoSuchMethodError'{0x000000008374a730}: static Lorg/gradle/api/internal/catalog/VersionModel;.<clinit>()V> (0x000000008374a730) 
thrown [s\src\hotspot\share\prims\jni.cpp, line 1108]
Event: 76.594 Thread 0x000001e04ca59b20 Exception <a 'java/lang/NoSuchMethodError'{0x0000000083771c08}: 'void java.lang.invoke.DirectMethodHandle$Holder.invokeSpecial(java.lang.Object, java.lang.Object, java.lang.Object, int)'> (0x0000000083771c08) 
thrown [s\src\hotspot\share\interpreter\linkResolver.cpp, line 771]
Event: 77.109 Thread 0x000001e04ca59b20 Exception <a 'java/lang/NoSuchMethodError'{0x0000000083344ee0}: 'int java.lang.invoke.DirectMethodHandle$Holder.invokeSpecialIFC(java.lang.Object, java.lang.Object, java.lang.Object)'> (0x0000000083344ee0) 
thrown [s\src\hotspot\share\interpreter\linkResolver.cpp, line 771]
Event: 77.365 Thread 0x000001e04ca59b20 Exception <a 'java/lang/NoSuchMethodError'{0x00000000830e05c8}: 'java.lang.Object java.lang.invoke.DirectMethodHandle$Holder.newInvokeSpecial(java.lang.Object, java.lang.Object, java.lang.Object, java.lang.Object, java.lang.Object, int)'> (0x00000000830e05c8) 
thrown [s\src\hotspot\share\interpreter\linkResolver.cpp, line 771]
Event: 77.372 Thread 0x000001e04ca59b20 Exception <a 'java/lang/NoSuchMethodError'{0x00000000830e59d8}: 'java.lang.Object java.lang.invoke.DirectMethodHandle$Holder.invokeSpecial(java.lang.Object, java.lang.Object, java.lang.Object, java.lang.Object, java.lang.Object, java.lang.Object, int)'> (0x00000000830e59d8) 
thrown [s\src\hotspot\share\interpreter\linkResolver.cpp, line 771]
Event: 77.377 Thread 0x000001e04ca59b20 Exception <a 'java/lang/NoSuchMethodError'{0x00000000830ea770}: 'java.lang.Object java.lang.invoke.Invokers$Holder.linkToTargetMethod(java.lang.Object, java.lang.Object, java.lang.Object, java.lang.Object, int, java.lang.Object)'> (0x00000000830ea770) 
thrown [s\src\hotspot\share\interpreter\linkResolver.cpp, line 771]
Event: 77.392 Thread 0x000001e04ca59b20 Exception <a 'java/lang/NoSuchMethodError'{0x0000000082f1cb90}: 'java.lang.Object java.lang.invoke.DirectMethodHandle$Holder.invokeSpecial(java.lang.Object, java.lang.Object, java.lang.Object, java.lang.Object, java.lang.Object, long)'> (0x0000000082f1cb90) 
thrown [s\src\hotspot\share\interpreter\linkResolver.cpp, line 771]
Event: 77.417 Thread 0x000001e04ca59b20 Exception <a 'java/lang/NoSuchMethodError'{0x0000000082f3ea00}: 'void java.lang.invoke.DirectMethodHandle$Holder.invokeStatic(java.lang.Object, java.lang.Object, java.lang.Object, int, java.lang.Object)'> (0x0000000082f3ea00) 
thrown [s\src\hotspot\share\interpreter\linkResolver.cpp, line 771]

VM Operations (20 events):
Event: 71.461 Executing VM operation: HandshakeAllThreads
Event: 71.461 Executing VM operation: HandshakeAllThreads done
Event: 71.507 Executing VM operation: HandshakeAllThreads
Event: 71.507 Executing VM operation: HandshakeAllThreads done
Event: 72.516 Executing VM operation: Cleanup
Event: 72.516 Executing VM operation: Cleanup done
Event: 72.545 Executing VM operation: G1CollectForAllocation
Event: 72.551 Executing VM operation: G1CollectForAllocation done
Event: 72.984 Executing VM operation: G1TryInitiateConcMark
Event: 72.991 Executing VM operation: G1TryInitiateConcMark done
Event: 73.050 Executing VM operation: G1PauseRemark
Event: 73.055 Executing VM operation: G1PauseRemark done
Event: 73.091 Executing VM operation: G1PauseCleanup
Event: 73.092 Executing VM operation: G1PauseCleanup done
Event: 74.096 Executing VM operation: Cleanup
Event: 74.096 Executing VM operation: Cleanup done
Event: 76.114 Executing VM operation: Cleanup
Event: 76.114 Executing VM operation: Cleanup done
Event: 77.126 Executing VM operation: Cleanup
Event: 77.150 Executing VM operation: Cleanup done

Events (20 events):
Event: 76.648 loading class java/io/ObjectInputFilter
Event: 76.649 loading class java/io/ObjectInputFilter done
Event: 76.649 loading class java/io/ObjectInputFilter$Config$BuiltinFilterFactory
Event: 76.650 loading class java/io/ObjectInputFilter$Config$BuiltinFilterFactory done
Event: 76.650 loading class jdk/internal/access/JavaObjectInputFilterAccess
Event: 76.650 loading class jdk/internal/access/JavaObjectInputFilterAccess done
Event: 76.650 loading class java/lang/System$Logger$Level
Event: 76.650 loading class java/lang/System$Logger$Level done
Event: 76.651 loading class jdk/internal/event/DeserializationEvent
Event: 76.651 loading class jdk/internal/event/DeserializationEvent done
Event: 76.652 loading class java/io/ObjectInputStream$FieldValues
Event: 76.652 loading class java/io/ObjectInputStream$GetField
Event: 76.652 loading class java/io/ObjectInputStream$GetField done
Event: 76.652 loading class java/io/ObjectInputStream$FieldValues done
Event: 76.713 loading class sun/reflect/ReflectionFactory
Event: 76.713 loading class sun/reflect/ReflectionFactory done
Event: 76.713 loading class sun/reflect/ReflectionFactory$1
Event: 76.713 loading class sun/reflect/ReflectionFactory$1 done
Event: 77.549 loading class java/util/LinkedList$LLSpliterator
Event: 77.549 loading class java/util/LinkedList$LLSpliterator done


Dynamic libraries:
0x00007ff732fc0000 - 0x00007ff732fca000 	C:\Program Files\Android\Android Studio1\jbr\bin\java.exe
0x00007ff948050000 - 0x00007ff948248000 	C:\WINDOWS\SYSTEM32\ntdll.dll
0x00007ff9460c0000 - 0x00007ff94617d000 	C:\WINDOWS\System32\KERNEL32.DLL
0x00007ff945ad0000 - 0x00007ff945dc6000 	C:\WINDOWS\System32\KERNELBASE.dll
0x00007ff945790000 - 0x00007ff945890000 	C:\WINDOWS\System32\ucrtbase.dll
0x00007ff93f6f0000 - 0x00007ff93f70b000 	C:\Program Files\Android\Android Studio1\jbr\bin\VCRUNTIME140.dll
0x00007ff933150000 - 0x00007ff933167000 	C:\Program Files\Android\Android Studio1\jbr\bin\jli.dll
0x00007ff9461f0000 - 0x00007ff94638f000 	C:\WINDOWS\System32\USER32.dll
0x00007ff931360000 - 0x00007ff9315fa000 	C:\WINDOWS\WinSxS\amd64_microsoft.windows.common-controls_6595b64144ccf1df_6.0.19041.4355_none_60b8b9eb71f62e16\COMCTL32.dll
0x00007ff945ef0000 - 0x00007ff945f12000 	C:\WINDOWS\System32\win32u.dll
0x00007ff946670000 - 0x00007ff94669b000 	C:\WINDOWS\System32\GDI32.dll
0x00007ff946390000 - 0x00007ff94642e000 	C:\WINDOWS\System32\msvcrt.dll
0x00007ff945890000 - 0x00007ff9459a7000 	C:\WINDOWS\System32\gdi32full.dll
0x00007ff9459e0000 - 0x00007ff945a7d000 	C:\WINDOWS\System32\msvcp_win.dll
0x00007ff946080000 - 0x00007ff9460b2000 	C:\WINDOWS\System32\IMM32.DLL
0x00007ff9341b0000 - 0x00007ff9341bc000 	C:\Program Files\Android\Android Studio1\jbr\bin\vcruntime140_1.dll
0x00007ff92bcb0000 - 0x00007ff92bd3d000 	C:\Program Files\Android\Android Studio1\jbr\bin\msvcp140.dll
0x00007ff906d90000 - 0x00007ff907a13000 	C:\Program Files\Android\Android Studio1\jbr\bin\server\jvm.dll
0x00007ff946c50000 - 0x00007ff946d00000 	C:\WINDOWS\System32\ADVAPI32.dll
0x00007ff9477a0000 - 0x00007ff947840000 	C:\WINDOWS\System32\sechost.dll
0x00007ff946df0000 - 0x00007ff946f13000 	C:\WINDOWS\System32\RPCRT4.dll
0x00007ff9459b0000 - 0x00007ff9459d7000 	C:\WINDOWS\System32\bcrypt.dll
0x00007ff942a70000 - 0x00007ff942a79000 	C:\WINDOWS\SYSTEM32\WSOCK32.dll
0x00007ff945550000 - 0x00007ff94559b000 	C:\WINDOWS\SYSTEM32\POWRPROF.dll
0x00007ff946180000 - 0x00007ff9461eb000 	C:\WINDOWS\System32\WS2_32.dll
0x00007ff9345c0000 - 0x00007ff9345e7000 	C:\WINDOWS\SYSTEM32\WINMM.dll
0x00007ff935f20000 - 0x00007ff935f2a000 	C:\WINDOWS\SYSTEM32\VERSION.dll
0x00007ff945530000 - 0x00007ff945542000 	C:\WINDOWS\SYSTEM32\UMPDC.dll
0x00007ff944020000 - 0x00007ff944032000 	C:\WINDOWS\SYSTEM32\kernel.appcore.dll
0x00007ff93fbd0000 - 0x00007ff93fbda000 	C:\Program Files\Android\Android Studio1\jbr\bin\jimage.dll
0x00007ff943420000 - 0x00007ff943604000 	C:\WINDOWS\SYSTEM32\DBGHELP.DLL
0x00007ff93a8a0000 - 0x00007ff93a8d4000 	C:\WINDOWS\SYSTEM32\dbgcore.DLL
0x00007ff945700000 - 0x00007ff945782000 	C:\WINDOWS\System32\bcryptPrimitives.dll
0x00007ff933860000 - 0x00007ff93386e000 	C:\Program Files\Android\Android Studio1\jbr\bin\instrument.dll
0x00007ff933ed0000 - 0x00007ff933ef5000 	C:\Program Files\Android\Android Studio1\jbr\bin\java.dll
0x00007ff93fbb0000 - 0x00007ff93fbc8000 	C:\Program Files\Android\Android Studio1\jbr\bin\zip.dll
0x00007ff947030000 - 0x00007ff94779b000 	C:\WINDOWS\System32\SHELL32.dll
0x00007ff943610000 - 0x00007ff943dad000 	C:\WINDOWS\SYSTEM32\windows.storage.dll
0x00007ff947840000 - 0x00007ff947b93000 	C:\WINDOWS\System32\combase.dll
0x00007ff944f70000 - 0x00007ff944f9e000 	C:\WINDOWS\SYSTEM32\Wldp.dll
0x00007ff946a00000 - 0x00007ff946acd000 	C:\WINDOWS\System32\OLEAUT32.dll
0x00007ff946f80000 - 0x00007ff94702d000 	C:\WINDOWS\System32\SHCORE.dll
0x00007ff946560000 - 0x00007ff9465b5000 	C:\WINDOWS\System32\shlwapi.dll
0x00007ff945630000 - 0x00007ff945654000 	C:\WINDOWS\SYSTEM32\profapi.dll
0x00007ff93eb40000 - 0x00007ff93eb59000 	C:\Program Files\Android\Android Studio1\jbr\bin\net.dll
0x00007ff93e310000 - 0x00007ff93e41a000 	C:\WINDOWS\SYSTEM32\WINHTTP.dll
0x00007ff944d50000 - 0x00007ff944dba000 	C:\WINDOWS\system32\mswsock.dll
0x00007ff933eb0000 - 0x00007ff933ec6000 	C:\Program Files\Android\Android Studio1\jbr\bin\nio.dll
0x00007ff93fac0000 - 0x00007ff93fad0000 	C:\Program Files\Android\Android Studio1\jbr\bin\verify.dll
0x00007ff9341c0000 - 0x00007ff9341e7000 	C:\Users\ADAM\.gradle\native\c067742578af261105cb4f569cf0c3c89f3d7b1fecec35dd04571415982c5e48\windows-amd64\native-platform.dll
0x00007ff917700000 - 0x00007ff917844000 	C:\Users\ADAM\.gradle\native\38dada09dfb8b06ba9b0570ebf7e218e3eb74d4ef43ca46872605cf95ebc2f47\windows-amd64\native-platform-file-events.dll
0x00007ff939160000 - 0x00007ff939169000 	C:\Program Files\Android\Android Studio1\jbr\bin\management.dll
0x00007ff933e50000 - 0x00007ff933e5b000 	C:\Program Files\Android\Android Studio1\jbr\bin\management_ext.dll
0x00007ff946d00000 - 0x00007ff946d08000 	C:\WINDOWS\System32\PSAPI.DLL
0x00007ff944fb0000 - 0x00007ff944fc8000 	C:\WINDOWS\SYSTEM32\CRYPTSP.dll
0x00007ff944690000 - 0x00007ff9446c4000 	C:\WINDOWS\system32\rsaenh.dll
0x00007ff9455e0000 - 0x00007ff94560e000 	C:\WINDOWS\SYSTEM32\USERENV.dll
0x00007ff944ee0000 - 0x00007ff944eec000 	C:\WINDOWS\SYSTEM32\CRYPTBASE.dll
0x00007ff944a50000 - 0x00007ff944a8b000 	C:\WINDOWS\SYSTEM32\IPHLPAPI.DLL
0x00007ff946ad0000 - 0x00007ff946ad8000 	C:\WINDOWS\System32\NSI.dll
0x00007ff93de20000 - 0x00007ff93de37000 	C:\WINDOWS\SYSTEM32\dhcpcsvc6.DLL
0x00007ff93dae0000 - 0x00007ff93dafd000 	C:\WINDOWS\SYSTEM32\dhcpcsvc.DLL
0x00007ff944af0000 - 0x00007ff944bbb000 	C:\WINDOWS\SYSTEM32\DNSAPI.dll
0x00007ff93dbb0000 - 0x00007ff93dbb9000 	C:\Program Files\Android\Android Studio1\jbr\bin\extnet.dll
0x00007ff93dee0000 - 0x00007ff93dee7000 	C:\WINDOWS\system32\wshunix.dll

dbghelp: loaded successfully - version: 4.0.5 - missing functions: none
symbol engine: initialized successfully - sym options: 0x614 - pdb path: .;C:\Program Files\Android\Android Studio1\jbr\bin;C:\WINDOWS\SYSTEM32;C:\WINDOWS\WinSxS\amd64_microsoft.windows.common-controls_6595b64144ccf1df_6.0.19041.4355_none_60b8b9eb71f62e16;C:\Program Files\Android\Android Studio1\jbr\bin\server;C:\Users\ADAM\.gradle\native\c067742578af261105cb4f569cf0c3c89f3d7b1fecec35dd04571415982c5e48\windows-amd64;C:\Users\ADAM\.gradle\native\38dada09dfb8b06ba9b0570ebf7e218e3eb74d4ef43ca46872605cf95ebc2f47\windows-amd64

VM Arguments:
jvm_args: --add-opens=java.base/java.util=ALL-UNNAMED --add-opens=java.base/java.lang=ALL-UNNAMED --add-opens=java.base/java.lang.invoke=ALL-UNNAMED --add-opens=java.prefs/java.util.prefs=ALL-UNNAMED --add-opens=java.base/java.nio.charset=ALL-UNNAMED --add-opens=java.base/java.net=ALL-UNNAMED --add-opens=java.base/java.util.concurrent.atomic=ALL-UNNAMED -Xmx2048m -Dfile.encoding=UTF-8 -Duser.country=US -Duser.language=en -Duser.variant -javaagent:C:\Users\ADAM\.gradle\wrapper\dists\gradle-8.6-bin\afr5mpiioh2wthjmwnkmdsd5w\gradle-8.6\lib\agents\gradle-instrumentation-agent-8.6.jar 
java_command: org.gradle.launcher.daemon.bootstrap.GradleDaemon 8.6
java_class_path (initial): C:\Users\ADAM\.gradle\wrapper\dists\gradle-8.6-bin\afr5mpiioh2wthjmwnkmdsd5w\gradle-8.6\lib\gradle-launcher-8.6.jar
Launcher Type: SUN_STANDARD

[Global flags]
     intx CICompilerCount                          = 3                                         {product} {ergonomic}
     uint ConcGCThreads                            = 1                                         {product} {ergonomic}
     uint G1ConcRefinementThreads                  = 4                                         {product} {ergonomic}
   size_t G1HeapRegionSize                         = 1048576                                   {product} {ergonomic}
    uintx GCDrainStackTargetSize                   = 64                                        {product} {ergonomic}
   size_t InitialHeapSize                          = 134217728                                 {product} {ergonomic}
   size_t MarkStackSize                            = 4194304                                   {product} {ergonomic}
   size_t MaxHeapSize                              = 2147483648                                {product} {command line}
   size_t MaxNewSize                               = 1287651328                                {product} {ergonomic}
   size_t MinHeapDeltaBytes                        = 1048576                                   {product} {ergonomic}
   size_t MinHeapSize                              = 8388608                                   {product} {ergonomic}
    uintx NonNMethodCodeHeapSize                   = 5832780                                {pd product} {ergonomic}
    uintx NonProfiledCodeHeapSize                  = 122912730                              {pd product} {ergonomic}
    uintx ProfiledCodeHeapSize                     = 122912730                              {pd product} {ergonomic}
    uintx ReservedCodeCacheSize                    = 251658240                              {pd product} {ergonomic}
     bool SegmentedCodeCache                       = true                                      {product} {ergonomic}
   size_t SoftMaxHeapSize                          = 2147483648                             {manageable} {ergonomic}
     bool UseCompressedClassPointers               = true                           {product lp64_product} {ergonomic}
     bool UseCompressedOops                        = true                           {product lp64_product} {ergonomic}
     bool UseG1GC                                  = true                                      {product} {ergonomic}
     bool UseLargePagesIndividualAllocation        = false                                  {pd product} {ergonomic}

Logging:
Log output configuration:
 #0: stdout all=warning uptime,level,tags
 #1: stderr all=off uptime,level,tags

Environment Variables:
JAVA_HOME=C:\Program Files\Zulu\zulu-21\
PATH=C:\Program Files\Zulu\zulu-21\bin\;C:\Program Files\Common Files\Oracle\Java\javapath;C:\Program Files (x86)\Embarcadero\Studio\21.0\bin;C:\Users\Public\Documents\Embarcadero\Studio\21.0\Bpl;C:\Program Files (x86)\Embarcadero\Studio\21.0\bin64;C:\Users\Public\Documents\Embarcadero\Studio\21.0\Bpl\Win64;C:\Program Files (x86)\Common Files\Intel\Shared Files\cpp\bin\Intel64;C:\WINDOWS\system32;C:\WINDOWS;C:\WINDOWS\System32\Wbem;C:\WINDOWS\System32\WindowsPowerShell\v1.0\;C:\WINDOWS\System32\OpenSSH\;C:\msys64\mingw64\bin;E:\Games\matlab\runtime\win64;E:\Games\matlab\bin;E:\Games\M.R2022a\MATLAB R2022a v9.12.0.1884302 (x64).kuyhAa\runtime\win64;E:\Games\M.R2022a\MATLAB R2022a v9.12.0.1884302 (x64).kuyhAa\bin;C:\Users\ADAM\AppData\Local\Programs\Python\Python311;C:\Users\ADAM\AppData\Local\Programs\Python\Python311\Scripts;C:\Users\ADAM\AppData\Local\Programs\Python\Python311\Lib\site-packages\pygame;C:\Users\ADAM\AppData\Roaming\nvm;C:\Program Files\nodejs;C:\gradle-8.6-bin\gradle-8.6\bin;E:\Git\cmd;C:\Users\ADAM\AppData\Local\Microsoft\WindowsApps;C:\msys64\mingw64\bin;C:\Users\ADAM\AppData\Local\Programs\Python\Python311;C:\Users\ADAM\AppData\Local\Programs\Python\Python311\Scripts;C:\Users\ADAM\AppData\Local\Programs\Python\Python311\Lib\site-packages\pygame;C:\Users\ADAM\AppData\Local\Programs\Python\Python311\Lib\site-packages;C:\Users\ADAM\AppData\Roaming\npm;C:\Users\ADAM\AppData\Roaming\nvm;C:\Program Files\nodejs;C:\Users\ADAM\AppData\Local\Programs\Microsoft VS Code\bin;C:\Image-ExifTool-12.77;;D:\ExifTool
USERNAME=muh kholil gibran
OS=Windows_NT
PROCESSOR_IDENTIFIER=Intel64 Family 6 Model 61 Stepping 4, GenuineIntel
TMP=C:\Users\ADAM\AppData\Local\Temp
TEMP=C:\Users\ADAM\AppData\Local\Temp



Periodic native trim disabled

JNI global refs:
JNI global refs: 25, weak refs: 0

JNI global refs memory usage: 843, weak refs: 841

OOME stack traces (most recent first):
Classloader memory used:
Loader org.gradle.internal.classloader.VisitableURLClassLoader                         : 3384K
Loader bootstrap                                                                       : 2438K
Loader org.gradle.initialization.MixInLegacyTypesClassLoader                           : 1008K
Loader jdk.internal.loader.ClassLoaders$PlatformClassLoader                            : 66186B
Loader jdk.internal.loader.ClassLoaders$AppClassLoader                                 : 28729B
Loader org.gradle.internal.classloader.VisitableURLClassLoader                         : 20094B
Loader jdk.internal.reflect.DelegatingClassLoader                                      : 15816B
Loader org.gradle.internal.classloader.VisitableURLClassLoader$InstrumentingVisitableURLClassLoader: 5005B

Classes loaded by more than one classloader:
Class Program                                                                         : loaded 3 times (x 70B)
Class org.gradle.internal.classpath.ClassPath                                         : loaded 2 times (x 68B)
Class org.gradle.api.internal.classpath.DefaultModuleRegistry                         : loaded 2 times (x 84B)
Class Settings_gradle$1$1                                                             : loaded 2 times (x 72B)
Class org.gradle.api.Action                                                           : loaded 2 times (x 68B)
Class org.gradle.api.internal.DefaultClassPathProvider                                : loaded 2 times (x 74B)
Class org.gradle.internal.installation.GradleInstallation$1                           : loaded 2 times (x 73B)
Class org.gradle.internal.classloader.FilteringClassLoader                            : loaded 2 times (x 103B)
Class org.gradle.internal.classpath.DefaultClassPath$ImmutableUniqueList$Builder      : loaded 2 times (x 73B)
Class org.gradle.internal.classloader.ClassLoaderVisitor                              : loaded 2 times (x 74B)
Class org.gradle.internal.service.DefaultServiceLocator                               : loaded 2 times (x 81B)
Class org.gradle.internal.service.UnknownServiceException                             : loaded 2 times (x 81B)
Class org.gradle.internal.classloader.DefaultClassLoaderFactory                       : loaded 2 times (x 80B)
Class org.gradle.internal.classloader.VisitableURLClassLoader$Spec                    : loaded 2 times (x 72B)
Class org.gradle.api.GradleException                                                  : loaded 2 times (x 80B)
Class org.gradle.api.internal.classpath.ModuleRegistry                                : loaded 2 times (x 68B)
Class org.gradle.api.internal.ClassPathProvider                                       : loaded 2 times (x 68B)
Class org.gradle.internal.classloader.ClasspathUtil$1                                 : loaded 2 times (x 74B)
Class org.gradle.internal.classloader.ClassLoaderFactory                              : loaded 2 times (x 68B)
Class org.gradle.api.internal.classpath.ManifestUtil                                  : loaded 2 times (x 69B)
Class org.gradle.api.specs.Spec                                                       : loaded 2 times (x 68B)
Class org.gradle.internal.IoActions                                                   : loaded 2 times (x 69B)
Class org.gradle.api.internal.classpath.EffectiveClassPath                            : loaded 2 times (x 88B)
Class org.gradle.internal.installation.CurrentGradleInstallation                      : loaded 2 times (x 71B)
Class org.gradle.internal.agents.InstrumentingClassLoader                             : loaded 2 times (x 68B)
Class org.gradle.internal.installation.CurrentGradleInstallationLocator               : loaded 2 times (x 69B)
Class org.gradle.api.internal.classpath.Module                                        : loaded 2 times (x 68B)
Class org.gradle.internal.service.CachingServiceLocator                               : loaded 2 times (x 80B)
Class org.gradle.internal.classpath.DefaultClassPath                                  : loaded 2 times (x 88B)
Class org.gradle.internal.classloader.SystemClassLoaderSpec                           : loaded 2 times (x 69B)
Class org.gradle.api.UncheckedIOException                                             : loaded 2 times (x 80B)
Class org.gradle.internal.installation.GradleInstallation                             : loaded 2 times (x 73B)
Class org.gradle.internal.classloader.ClasspathUtil                                   : loaded 2 times (x 69B)
Class org.gradle.api.internal.DefaultClassPathRegistry                                : loaded 2 times (x 74B)
Class org.gradle.api.internal.classpath.DefaultModuleRegistry$DefaultModule           : loaded 2 times (x 84B)
Class org.gradle.api.internal.classpath.UnknownModuleException                        : loaded 2 times (x 80B)
Class org.gradle.internal.service.ServiceLookupException                              : loaded 2 times (x 80B)
Class org.gradle.cache.GlobalCache                                                    : loaded 2 times (x 68B)
Class [Lorg.gradle.api.internal.ClassPathProvider;                                    : loaded 2 times (x 67B)
Class org.gradle.util.internal.GUtil                                                  : loaded 2 times (x 69B)
Class org.gradle.internal.classloader.ClassLoaderSpec                                 : loaded 2 times (x 69B)
Class org.gradle.internal.classloader.VisitableURLClassLoader                         : loaded 2 times (x 115B)
Class org.gradle.internal.Cast                                                        : loaded 2 times (x 69B)
Class org.gradle.api.internal.ClassPathRegistry                                       : loaded 2 times (x 68B)
Class org.gradle.internal.classloader.VisitableURLClassLoader$InstrumentingVisitableURLClassLoader: loaded 2 times (x 121B)
Class org.gradle.internal.classloader.ClassLoaderHierarchy                            : loaded 2 times (x 68B)
Class org.gradle.internal.InternalTransformer                                         : loaded 2 times (x 68B)
Class org.gradle.internal.service.ServiceLocator                                      : loaded 2 times (x 68B)
Class Settings_gradle$1                                                               : loaded 2 times (x 72B)
Class org.gradle.internal.classpath.DefaultClassPath$ImmutableUniqueList              : loaded 2 times (x 159B)
Class org.gradle.internal.classpath.TransformedClassPath                              : loaded 2 times (x 94B)
Class Settings_gradle                                                                 : loaded 2 times (x 126B)


---------------  S Y S T E M  ---------------

OS:
 Windows 10 , 64 bit Build 19041 (10.0.19041.3636)
OS uptime: 0 days 6:26 hours
Hyper-V role detected

CPU: total 4 (initial active 4) (2 cores per cpu, 2 threads per core) family 6 model 61 stepping 4 microcode 0x2d, cx8, cmov, fxsr, ht, mmx, 3dnowpref, sse, sse2, sse3, ssse3, sse4.1, sse4.2, popcnt, lzcnt, tsc, tscinvbit, avx, avx2, aes, erms, clmul, bmi1, bmi2, adx, fma, vzeroupper, clflush, hv
Processor Information for all 4 processors :
  Max Mhz: 1995, Current Mhz: 1995, Mhz Limit: 1995

Memory: 4k page, system-wide physical 8095M (1298M free)
TotalPageFile size 12095M (AvailPageFile size 6M)
current process WorkingSet (physical memory assigned to process): 234M, peak: 247M
current process commit charge ("private bytes"): 262M, peak: 275M

vm_info: OpenJDK 64-Bit Server VM (17.0.10+0--11572160) for windows-amd64 JRE (17.0.10+0--11572160), built on Mar 13 2024 23:56:38 by "androidbuild" with MS VC++ 16.10 / 16.11 (VS2019)

END.
